2020-07-17 12:02:40
2020-07-17 13:02:30
2020-07-17 14:02:39
2020-07-17 15:02:40
2020-07-17 16:02:46
2020-07-17 17:02:07
2020-07-17 18:02:17
2020-07-17 19:03:13
2020-07-17 20:03:17
2020-07-17 21:02:11
2020-07-17 22:03:21
2020-07-17 23:02:09
2020-07-18 00:02:56
2020-07-18 01:02:17
2020-07-18 02:03:22
2020-07-18 03:03:08
2020-07-18 04:03:11
2020-07-18 05:03:18
2020-07-18 06:03:24
2020-07-18 07:03:11
2020-07-18 08:02:03
2020-07-18 09:03:24
2020-07-18 10:03:17
2020-07-18 11:03:13
2020-07-18 12:01:58
2020-07-18 13:03:31
2020-07-18 14:02:04
2020-07-18 15:02:11
2020-07-18 16:02:11
2020-07-18 17:03:36
2020-07-18 18:02:19
2020-07-18 19:03:19
2020-07-18 20:03:21
2020-07-18 21:03:29
2020-07-18 22:03:15
2020-07-18 23:03:19
2020-07-19 00:04:15
2020-07-19 01:01:46
2020-07-19 02:02:55
2020-07-19 03:01:37
2020-07-19 04:02:44
2020-07-19 05:02:48
2020-07-19 06:02:53
2020-07-19 07:01:36
2020-07-19 08:01:35
2020-07-19 09:02:57
2020-07-19 10:02:54
2020-07-19 11:02:42
2020-07-19 12:01:37
2020-07-19 13:03:15
2020-07-19 14:01:43
2020-07-19 15:02:57
2020-07-19 16:02:52
2020-07-19 17:02:57
2020-07-19 18:02:05
2020-07-19 19:01:43
2020-07-19 20:02:42
2020-07-19 21:02:26
2020-07-19 22:02:48
2020-07-19 23:01:42
2020-07-20 00:03:54
2020-07-20 01:02:45
2020-07-20 02:00:43
2020-07-20 03:02:33
2020-07-20 04:02:06
2020-07-20 05:02:37
2020-07-20 06:02:42
2020-07-20 07:02:30
2020-07-20 08:02:33
2020-07-20 09:02:46
2020-07-20 10:02:37
2020-07-20 11:02:35
2020-07-20 12:02:33
2020-07-20 13:02:50
2020-07-20 14:02:33
2020-07-20 15:02:35
2020-07-20 16:00:33
2020-07-20 17:02:49
2020-07-20 18:03:04
2020-07-20 19:02:08
2020-07-20 20:02:44
2020-07-20 21:02:49
2020-07-20 22:01:58
2020-07-20 23:02:47
2020-07-21 00:02:39
2020-07-21 01:02:52
2020-07-21 02:01:53
2020-07-21 03:02:40
2020-07-21 04:01:41
2020-07-21 05:02:45
2020-07-21 06:02:50
2020-07-21 07:02:42
2020-07-21 08:02:45
2020-07-21 09:02:57
2020-07-21 10:02:42
2020-07-21 11:02:44
2020-07-21 12:01:42
2020-07-21 13:03:11
2020-07-21 14:02:48
2020-07-21 15:02:46
2020-07-21 17:03:08
2020-07-21 18:02:02
2020-07-21 19:02:48
2020-07-21 20:02:46
2020-07-21 21:01:43
2020-07-21 22:02:57
2020-07-21 23:02:53
2020-07-22 00:04:06
2020-07-22 01:02:56
2020-07-22 02:01:45
2020-07-22 03:02:39
2020-07-22 04:02:41
2020-07-22 05:02:45
2020-07-22 06:02:44
2020-07-22 07:02:42
2020-07-22 08:02:39
2020-07-22 09:02:54
2020-07-22 10:02:46
2020-07-22 11:02:41
2020-07-22 12:02:44
2020-07-22 13:02:57
2020-07-22 14:02:47
2020-07-22 15:02:50
2020-07-22 16:02:49
2020-07-22 17:03:04
2020-07-22 18:03:23
2020-07-22 19:01:37
2020-07-22 20:01:43
2020-07-22 21:01:46
2020-07-22 22:01:43
2020-07-22 23:02:58
2020-07-23 00:02:31
2020-07-23 01:02:58
2020-07-23 02:03:02
2020-07-23 03:01:35
2020-07-23 04:01:45
2020-07-23 05:02:47
2020-07-23 06:01:50
2020-07-23 07:02:47
2020-07-23 08:08:36
2020-07-23 09:03:15
2020-07-23 11:02:48

   Symfony\Component\Debug\Exception\FatalThrowableError  : syntax error, unexpected '('

  at /home/forge/schedule.ozinc.info/app/Console/Commands/putAllCompanies.php:47
    43|         $odoo = $odoo->connect();
    44| 
    45|         $licenses = LicenseNumber::all();
    46|         $i = 0;
  > 47|         $customer_imports = ApiImport::(->get();
    48| 
    49|         foreach ($customer_imports as $c) {
    50|             $updated = $odoo->where('id', $c->ext_id)
    51|                 ->update('res.partner', [

  Exception trace:

  1   Composer\Autoload\includeFile("/home/forge/schedule.ozinc.info/vendor/composer/../../app/Console/Commands/putAllCompanies.php")
      /home/forge/schedule.ozinc.info/vendor/composer/ClassLoader.php:322

  2   Composer\Autoload\ClassLoader::loadClass("App\Console\Commands\putAllCompanies")
      [internal]:0

  Please use the argument -v to see more details.
2020-07-23 13:03:00
2020-07-23 14:01:46
2020-07-23 15:01:42
2020-07-23 16:02:53
2020-07-23 17:01:48
2020-07-23 18:03:23
2020-07-23 19:02:52
2020-07-23 20:01:44
2020-07-23 21:03:02
2020-07-23 22:02:53
2020-07-23 23:02:56
2020-07-24 00:02:43
2020-07-24 01:02:57
2020-07-24 02:03:05
2020-07-24 03:02:48
2020-07-24 04:01:45
2020-07-24 05:02:51
2020-07-24 06:01:46
2020-07-24 07:01:43
2020-07-24 08:01:41
2020-07-24 09:03:04
2020-07-24 10:01:42
2020-07-24 11:01:43
2020-07-24 12:02:51
2020-07-24 13:03:22
2020-07-24 14:03:04
2020-07-24 15:01:55
2020-07-24 16:02:00
2020-07-24 17:03:37
2020-07-24 18:02:34
2020-07-24 19:03:30
2020-07-24 20:03:27
2020-07-24 21:03:36
2020-07-24 22:02:15
2020-07-24 23:03:31
2020-07-25 00:04:33
2020-07-25 01:02:13
2020-07-25 02:04:02
2020-07-25 03:03:12
2020-07-25 04:03:18
2020-07-25 05:03:21
2020-07-25 06:02:06
2020-07-25 07:03:08
2020-07-25 08:03:18
2020-07-25 09:02:18
2020-07-25 10:03:18
2020-07-25 11:03:15
2020-07-25 12:02:06
2020-07-25 13:03:05
2020-07-25 14:03:08
2020-07-25 15:03:12
2020-07-25 16:03:10
2020-07-25 17:03:23
2020-07-25 18:02:17
2020-07-25 19:03:16
2020-07-25 20:03:14
2020-07-25 21:02:10
2020-07-25 22:03:16
2020-07-25 23:02:14
2020-07-26 00:02:51
2020-07-26 01:01:35
2020-07-26 02:02:56
2020-07-26 03:02:37
2020-07-26 04:02:41
2020-07-26 05:02:43
2020-07-26 06:02:57
2020-07-26 07:00:34
2020-07-26 08:02:06
