2020-09-02 16:01:35
2020-09-02 17:02:33
2020-09-02 18:02:24
2020-09-02 19:01:40
2020-09-02 20:02:20
2020-09-02 21:01:42
2020-09-02 22:02:35
2020-09-02 23:02:27
2020-09-03 00:02:27
2020-09-03 01:02:38
2020-09-03 02:01:45
2020-09-03 03:02:41
2020-09-03 04:02:34
2020-09-03 05:03:11
2020-09-03 06:03:24
2020-09-03 07:04:45
2020-09-03 08:03:41
2020-09-03 09:02:40
2020-09-03 10:03:39
2020-09-03 11:03:22
2020-09-03 12:03:34
2020-09-03 13:03:25
2020-09-03 14:03:37
2020-09-03 15:03:38
2020-09-03 16:02:36
2020-09-03 17:03:41
2020-09-03 18:03:32
2020-09-03 19:03:24
2020-09-03 20:02:57
2020-09-03 21:03:38
2020-09-03 22:03:47
2020-09-03 23:04:06
2020-09-04 00:03:51
2020-09-04 01:03:45
2020-09-04 02:02:51
2020-09-04 03:03:52
2020-09-04 04:03:17
2020-09-04 05:02:47
2020-09-04 06:03:52
2020-09-04 07:04:19
2020-09-04 08:02:44
2020-09-04 09:02:43
2020-09-04 10:03:36
2020-09-04 11:02:46
2020-09-04 12:03:55
2020-09-04 13:03:46
2020-09-04 14:02:55
2020-09-04 15:03:50
2020-09-04 16:02:52
2020-09-04 17:03:52
2020-09-04 18:03:40
2020-09-04 19:02:49
2020-09-04 20:03:43
2020-09-04 21:02:47
2020-09-04 22:03:42
2020-09-04 23:03:42

   Ripcord_TransportException 

  Could not access https://ozinc-production.odoo.com/xmlrpc/2/common

  at vendor/edujugon/laradoo/src/ripcord/ripcord_client.php:488
    484| 		$result  = @file_get_contents( $url, false, $context );
    485| 
    486| 		if ( !$result )
    487| 		{
  > 488| 			throw new Ripcord_TransportException( 'Could not access ' . $url, 
    489| 				ripcord::cannotAccessURL );
    490| 		}
    491| 
    492| 		$this->responseHeaders = $http_response_header;

      [2m+3 vendor frames [22m
  4   app/Console/Commands/getAccountingSalesOrders.php:49
      Edujugon\Laradoo\Odoo::connect()

      [2m+14 vendor frames [22m
  19  artisan:37
      Illuminate\Foundation\Console\Kernel::handle(Object(Symfony\Component\Console\Input\ArgvInput), Object(Symfony\Component\Console\Output\ConsoleOutput))
2020-09-05 01:02:27

   Ripcord_TransportException 

  Could not access https://ozinc-production.odoo.com/xmlrpc/2/common

  at vendor/edujugon/laradoo/src/ripcord/ripcord_client.php:488
    484| 		$result  = @file_get_contents( $url, false, $context );
    485| 
    486| 		if ( !$result )
    487| 		{
  > 488| 			throw new Ripcord_TransportException( 'Could not access ' . $url, 
    489| 				ripcord::cannotAccessURL );
    490| 		}
    491| 
    492| 		$this->responseHeaders = $http_response_header;

      [2m+3 vendor frames [22m
  4   app/Console/Commands/getAccountingSalesOrders.php:49
      Edujugon\Laradoo\Odoo::connect()

      [2m+14 vendor frames [22m
  19  artisan:37
      Illuminate\Foundation\Console\Kernel::handle(Object(Symfony\Component\Console\Input\ArgvInput), Object(Symfony\Component\Console\Output\ConsoleOutput))

   Ripcord_TransportException 

  Could not access https://ozinc-production.odoo.com/xmlrpc/2/common

  at vendor/edujugon/laradoo/src/ripcord/ripcord_client.php:488
    484| 		$result  = @file_get_contents( $url, false, $context );
    485| 
    486| 		if ( !$result )
    487| 		{
  > 488| 			throw new Ripcord_TransportException( 'Could not access ' . $url, 
    489| 				ripcord::cannotAccessURL );
    490| 		}
    491| 
    492| 		$this->responseHeaders = $http_response_header;

      [2m+3 vendor frames [22m
  4   app/Console/Commands/getAccountingSalesOrders.php:49
      Edujugon\Laradoo\Odoo::connect()

      [2m+14 vendor frames [22m
  19  artisan:37
      Illuminate\Foundation\Console\Kernel::handle(Object(Symfony\Component\Console\Input\ArgvInput), Object(Symfony\Component\Console\Output\ConsoleOutput))

   Ripcord_TransportException 

  Could not access https://ozinc-production.odoo.com/xmlrpc/2/common

  at vendor/edujugon/laradoo/src/ripcord/ripcord_client.php:488
    484| 		$result  = @file_get_contents( $url, false, $context );
    485| 
    486| 		if ( !$result )
    487| 		{
  > 488| 			throw new Ripcord_TransportException( 'Could not access ' . $url, 
    489| 				ripcord::cannotAccessURL );
    490| 		}
    491| 
    492| 		$this->responseHeaders = $http_response_header;

      [2m+3 vendor frames [22m
  4   app/Console/Commands/getAccountingSalesOrders.php:49
      Edujugon\Laradoo\Odoo::connect()

      [2m+14 vendor frames [22m
  19  artisan:37
      Illuminate\Foundation\Console\Kernel::handle(Object(Symfony\Component\Console\Input\ArgvInput), Object(Symfony\Component\Console\Output\ConsoleOutput))
2020-09-05 05:01:37
2020-09-05 06:02:34
2020-09-05 07:02:42

   Ripcord_TransportException 

  Could not access https://ozinc-production.odoo.com/xmlrpc/2/common

  at vendor/edujugon/laradoo/src/ripcord/ripcord_client.php:488
    484| 		$result  = @file_get_contents( $url, false, $context );
    485| 
    486| 		if ( !$result )
    487| 		{
  > 488| 			throw new Ripcord_TransportException( 'Could not access ' . $url, 
    489| 				ripcord::cannotAccessURL );
    490| 		}
    491| 
    492| 		$this->responseHeaders = $http_response_header;

      [2m+3 vendor frames [22m
  4   app/Console/Commands/getAccountingSalesOrders.php:49
      Edujugon\Laradoo\Odoo::connect()

      [2m+14 vendor frames [22m
  19  artisan:37
      Illuminate\Foundation\Console\Kernel::handle(Object(Symfony\Component\Console\Input\ArgvInput), Object(Symfony\Component\Console\Output\ConsoleOutput))

   Ripcord_TransportException 

  Could not access https://ozinc-production.odoo.com/xmlrpc/2/common

  at vendor/edujugon/laradoo/src/ripcord/ripcord_client.php:488
    484| 		$result  = @file_get_contents( $url, false, $context );
    485| 
    486| 		if ( !$result )
    487| 		{
  > 488| 			throw new Ripcord_TransportException( 'Could not access ' . $url, 
    489| 				ripcord::cannotAccessURL );
    490| 		}
    491| 
    492| 		$this->responseHeaders = $http_response_header;

      [2m+3 vendor frames [22m
  4   app/Console/Commands/getAccountingSalesOrders.php:49
      Edujugon\Laradoo\Odoo::connect()

      [2m+14 vendor frames [22m
  19  artisan:37
      Illuminate\Foundation\Console\Kernel::handle(Object(Symfony\Component\Console\Input\ArgvInput), Object(Symfony\Component\Console\Output\ConsoleOutput))
2020-09-05 10:01:36
2020-09-05 11:02:24
2020-09-05 12:02:21
2020-09-05 13:02:26
2020-09-05 14:02:20
2020-09-05 15:02:23
2020-09-05 16:02:25
2020-09-05 17:02:28
2020-09-05 18:02:25

   Ripcord_TransportException 

  Could not access https://ozinc-production.odoo.com/xmlrpc/2/common

  at vendor/edujugon/laradoo/src/ripcord/ripcord_client.php:488
    484| 		$result  = @file_get_contents( $url, false, $context );
    485| 
    486| 		if ( !$result )
    487| 		{
  > 488| 			throw new Ripcord_TransportException( 'Could not access ' . $url, 
    489| 				ripcord::cannotAccessURL );
    490| 		}
    491| 
    492| 		$this->responseHeaders = $http_response_header;

      [2m+3 vendor frames [22m
  4   app/Console/Commands/getAccountingSalesOrders.php:49
      Edujugon\Laradoo\Odoo::connect()

      [2m+14 vendor frames [22m
  19  artisan:37
      Illuminate\Foundation\Console\Kernel::handle(Object(Symfony\Component\Console\Input\ArgvInput), Object(Symfony\Component\Console\Output\ConsoleOutput))
2020-09-05 20:02:28
2020-09-05 21:02:25
2020-09-05 22:02:26
2020-09-05 23:02:23

   Ripcord_TransportException 

  Could not access https://ozinc-production.odoo.com/xmlrpc/2/common

  at vendor/edujugon/laradoo/src/ripcord/ripcord_client.php:488
    484| 		$result  = @file_get_contents( $url, false, $context );
    485| 
    486| 		if ( !$result )
    487| 		{
  > 488| 			throw new Ripcord_TransportException( 'Could not access ' . $url, 
    489| 				ripcord::cannotAccessURL );
    490| 		}
    491| 
    492| 		$this->responseHeaders = $http_response_header;

      [2m+3 vendor frames [22m
  4   app/Console/Commands/getAccountingSalesOrders.php:49
      Edujugon\Laradoo\Odoo::connect()

      [2m+14 vendor frames [22m
  19  artisan:37
      Illuminate\Foundation\Console\Kernel::handle(Object(Symfony\Component\Console\Input\ArgvInput), Object(Symfony\Component\Console\Output\ConsoleOutput))

   Ripcord_TransportException 

  Could not access https://ozinc-production.odoo.com/xmlrpc/2/common

  at vendor/edujugon/laradoo/src/ripcord/ripcord_client.php:488
    484| 		$result  = @file_get_contents( $url, false, $context );
    485| 
    486| 		if ( !$result )
    487| 		{
  > 488| 			throw new Ripcord_TransportException( 'Could not access ' . $url, 
    489| 				ripcord::cannotAccessURL );
    490| 		}
    491| 
    492| 		$this->responseHeaders = $http_response_header;

      [2m+3 vendor frames [22m
  4   app/Console/Commands/getAccountingSalesOrders.php:49
      Edujugon\Laradoo\Odoo::connect()

      [2m+14 vendor frames [22m
  19  artisan:37
      Illuminate\Foundation\Console\Kernel::handle(Object(Symfony\Component\Console\Input\ArgvInput), Object(Symfony\Component\Console\Output\ConsoleOutput))
2020-09-06 02:02:31
2020-09-06 03:02:24
2020-09-06 04:02:29
2020-09-06 05:02:33
2020-09-06 06:02:29
2020-09-06 07:03:07

   Ripcord_TransportException 

  Could not access https://ozinc-production.odoo.com/xmlrpc/2/common

  at vendor/edujugon/laradoo/src/ripcord/ripcord_client.php:488
    484| 		$result  = @file_get_contents( $url, false, $context );
    485| 
    486| 		if ( !$result )
    487| 		{
  > 488| 			throw new Ripcord_TransportException( 'Could not access ' . $url, 
    489| 				ripcord::cannotAccessURL );
    490| 		}
    491| 
    492| 		$this->responseHeaders = $http_response_header;

      [2m+3 vendor frames [22m
  4   app/Console/Commands/getAccountingSalesOrders.php:49
      Edujugon\Laradoo\Odoo::connect()

      [2m+14 vendor frames [22m
  19  artisan:37
      Illuminate\Foundation\Console\Kernel::handle(Object(Symfony\Component\Console\Input\ArgvInput), Object(Symfony\Component\Console\Output\ConsoleOutput))

   Ripcord_TransportException 

  Could not access https://ozinc-production.odoo.com/xmlrpc/2/common

  at vendor/edujugon/laradoo/src/ripcord/ripcord_client.php:488
    484| 		$result  = @file_get_contents( $url, false, $context );
    485| 
    486| 		if ( !$result )
    487| 		{
  > 488| 			throw new Ripcord_TransportException( 'Could not access ' . $url, 
    489| 				ripcord::cannotAccessURL );
    490| 		}
    491| 
    492| 		$this->responseHeaders = $http_response_header;

      [2m+3 vendor frames [22m
  4   app/Console/Commands/getAccountingSalesOrders.php:49
      Edujugon\Laradoo\Odoo::connect()

      [2m+14 vendor frames [22m
  19  artisan:37
      Illuminate\Foundation\Console\Kernel::handle(Object(Symfony\Component\Console\Input\ArgvInput), Object(Symfony\Component\Console\Output\ConsoleOutput))
2020-09-06 10:02:24
2020-09-06 11:02:22
2020-09-06 12:02:18
2020-09-06 13:02:27
2020-09-06 14:02:23
2020-09-06 15:02:29
2020-09-06 16:02:28
2020-09-06 17:02:26

   Ripcord_TransportException 

  Could not access https://ozinc-production.odoo.com/xmlrpc/2/common

  at vendor/edujugon/laradoo/src/ripcord/ripcord_client.php:488
    484| 		$result  = @file_get_contents( $url, false, $context );
    485| 
    486| 		if ( !$result )
    487| 		{
  > 488| 			throw new Ripcord_TransportException( 'Could not access ' . $url, 
    489| 				ripcord::cannotAccessURL );
    490| 		}
    491| 
    492| 		$this->responseHeaders = $http_response_header;

      [2m+3 vendor frames [22m
  4   app/Console/Commands/getAccountingSalesOrders.php:49
      Edujugon\Laradoo\Odoo::connect()

      [2m+14 vendor frames [22m
  19  artisan:37
      Illuminate\Foundation\Console\Kernel::handle(Object(Symfony\Component\Console\Input\ArgvInput), Object(Symfony\Component\Console\Output\ConsoleOutput))
2020-09-06 19:02:24
2020-09-06 20:02:25
2020-09-06 21:02:21
2020-09-06 22:02:26

   Ripcord_TransportException 

  Could not access https://ozinc-production.odoo.com/xmlrpc/2/common

  at vendor/edujugon/laradoo/src/ripcord/ripcord_client.php:488
    484| 		$result  = @file_get_contents( $url, false, $context );
    485| 
    486| 		if ( !$result )
    487| 		{
  > 488| 			throw new Ripcord_TransportException( 'Could not access ' . $url, 
    489| 				ripcord::cannotAccessURL );
    490| 		}
    491| 
    492| 		$this->responseHeaders = $http_response_header;

      [2m+3 vendor frames [22m
  4   app/Console/Commands/getAccountingSalesOrders.php:49
      Edujugon\Laradoo\Odoo::connect()

      [2m+14 vendor frames [22m
  19  artisan:37
      Illuminate\Foundation\Console\Kernel::handle(Object(Symfony\Component\Console\Input\ArgvInput), Object(Symfony\Component\Console\Output\ConsoleOutput))
2020-09-07 00:02:36
2020-09-07 01:02:33

   Ripcord_TransportException 

  Could not access https://ozinc-production.odoo.com/xmlrpc/2/common

  at vendor/edujugon/laradoo/src/ripcord/ripcord_client.php:488
    484| 		$result  = @file_get_contents( $url, false, $context );
    485| 
    486| 		if ( !$result )
    487| 		{
  > 488| 			throw new Ripcord_TransportException( 'Could not access ' . $url, 
    489| 				ripcord::cannotAccessURL );
    490| 		}
    491| 
    492| 		$this->responseHeaders = $http_response_header;

      [2m+3 vendor frames [22m
  4   app/Console/Commands/getAccountingSalesOrders.php:49
      Edujugon\Laradoo\Odoo::connect()

      [2m+14 vendor frames [22m
  19  artisan:37
      Illuminate\Foundation\Console\Kernel::handle(Object(Symfony\Component\Console\Input\ArgvInput), Object(Symfony\Component\Console\Output\ConsoleOutput))

   Ripcord_TransportException 

  Could not access https://ozinc-production.odoo.com/xmlrpc/2/common

  at vendor/edujugon/laradoo/src/ripcord/ripcord_client.php:488
    484| 		$result  = @file_get_contents( $url, false, $context );
    485| 
    486| 		if ( !$result )
    487| 		{
  > 488| 			throw new Ripcord_TransportException( 'Could not access ' . $url, 
    489| 				ripcord::cannotAccessURL );
    490| 		}
    491| 
    492| 		$this->responseHeaders = $http_response_header;

      [2m+3 vendor frames [22m
  4   app/Console/Commands/getAccountingSalesOrders.php:49
      Edujugon\Laradoo\Odoo::connect()

      [2m+14 vendor frames [22m
  19  artisan:37
      Illuminate\Foundation\Console\Kernel::handle(Object(Symfony\Component\Console\Input\ArgvInput), Object(Symfony\Component\Console\Output\ConsoleOutput))
2020-09-07 04:02:28
2020-09-07 05:02:22

   Ripcord_TransportException 

  Could not access https://ozinc-production.odoo.com/xmlrpc/2/common

  at vendor/edujugon/laradoo/src/ripcord/ripcord_client.php:488
    484| 		$result  = @file_get_contents( $url, false, $context );
    485| 
    486| 		if ( !$result )
    487| 		{
  > 488| 			throw new Ripcord_TransportException( 'Could not access ' . $url, 
    489| 				ripcord::cannotAccessURL );
    490| 		}
    491| 
    492| 		$this->responseHeaders = $http_response_header;

      [2m+3 vendor frames [22m
  4   app/Console/Commands/getAccountingSalesOrders.php:49
      Edujugon\Laradoo\Odoo::connect()

      [2m+14 vendor frames [22m
  19  artisan:37
      Illuminate\Foundation\Console\Kernel::handle(Object(Symfony\Component\Console\Input\ArgvInput), Object(Symfony\Component\Console\Output\ConsoleOutput))
2020-09-07 07:04:22
2020-09-07 08:02:29

   Ripcord_TransportException 

  Could not access https://ozinc-production.odoo.com/xmlrpc/2/common

  at vendor/edujugon/laradoo/src/ripcord/ripcord_client.php:488
    484| 		$result  = @file_get_contents( $url, false, $context );
    485| 
    486| 		if ( !$result )
    487| 		{
  > 488| 			throw new Ripcord_TransportException( 'Could not access ' . $url, 
    489| 				ripcord::cannotAccessURL );
    490| 		}
    491| 
    492| 		$this->responseHeaders = $http_response_header;

      [2m+3 vendor frames [22m
  4   app/Console/Commands/getAccountingSalesOrders.php:49
      Edujugon\Laradoo\Odoo::connect()

      [2m+14 vendor frames [22m
  19  artisan:37
      Illuminate\Foundation\Console\Kernel::handle(Object(Symfony\Component\Console\Input\ArgvInput), Object(Symfony\Component\Console\Output\ConsoleOutput))
2020-09-07 10:01:46
2020-09-07 11:02:27
2020-09-07 12:02:29
2020-09-07 13:02:25
2020-09-07 14:02:29
