yesterday= 2020-09-02today= 2020-09-03
&lastModifiedStart=2020-09-02T06:30:00Z&lastModifiedEnd=2020-09-03T06:30:00Z
51
TREAT-Fruity
CANNABUTTER-1000mg
CANNABUTTER-2000mg
TREAT-Berry Crunch
TREAT-Cookies & Cream
TREAT-Rocky Road
Qa Lot Source - True OG - Flower
CANNABUTTER-2000mg
Mimosa
Heavenly Sweet Edible Maui Waui Treat 100mg
Dollar Dose - Watermelon - 5mg THC
Dollar Dose - Apple - 5mg THC
Chocolate Crumble
The Oz Wedding Crasher Crumble 1g
Royal Dab Holy Grail Sugar 1g
Royal Dab Red Dragon Sugar 1g
Hazy Hazelnut
Cosmic Berry Crunch
0051 flower
Dollar Dose - Rootbeer - 5mg THC
Dollar Dose - Watermelon - 5mg THC
TREAT-Classic
TREAT-Cookies & Cream
SPECIAL EDITION-Peanut Butter Treat
Jack Herer Flower
Blue Dream Flower
CANNABUTTER-1000mg
MUNCHIES-Muddy Buddies
PLATINUM FIELDS FLOWER
Royal Dab Slurri Crasher Caviar Crumble 1g
Dollar Dose - Hibiscus - 5mg THC
101 - Artisan Flower - Chem Dawg
The Oz Hybrid Grape Pie Shatter 1g
Hazy Hazelnut
Day Dreamers Chocolate Hybrid Caramel Macchiato 100mg
Royal Dab Blue Dream Caviar Crumble 1g
The Oz Wonka Bars Shatter 1g
The Oz Pineapple Breath Yellow Crumble 1g
The Oz Lemon OG x Banana Zkittlez Yellow Crumble 1g
SPECIAL EDITION-Peanut Butter Treat
Product found: S - Dollar Dose - lozenge - Indica Rootbeer - 5mg
Daydreamers Caramel Vanilla Mad 60mg
Daydreamers Caramel Machiatto
Apple Lozenge
Snickerdoodle Rice Krispy
Pineapple Upside Down Cake GFPUC051120 Buds
Ice Cream Cake Crumble
OZ Pre-Roll Mixed Crumble
Extra Toasted Coconut
Wedding Cake flowers
sundae driver
2020-09-03
to update: 0
yesterday= 2020-09-01today= 2020-09-02
&lastModifiedStart=2020-09-01T06:30:00Z&lastModifiedEnd=2020-09-02T06:30:00Z
33
Royal Tree Flower Sativa Super Sour Diesel 3.5g
TREAT-Cookies & Cream
TREAT-Fruity
Daydreamers Chocolate Indica
Daydreamers Chocolate Sativa
TREAT-Berry Crunch
SPECIAL EDITION-Maui Waui Treat
Northern Nights - Kanebes 0.8g preroll
OG Express - Kanebes 0.8g preroll
Tropicana Haze - Kanebes 0.8g preroll
Fatso - Flower (A's)
TREAT-Berry Crunch
TREAT-Classic
MUNCHIES-Chile Lime Crackers
MUNCHIES-Muddy Buddies
Product found: Royal Dab Sugar Mendo Breath 1g
Product found: Royal Dab Sugar Trifi 1g
SQUOOKIE-Salted Caramel
MUNCHIES-Caramel Corn
[Caliva] COA Batch (Z Cube)
Royal Dab Blue Z Girls Sugar 1g
Product found: Royal Dab Caviar Crumble Banana Shock 1g
Product found: Royal Dab Caviar Crumble Purple Cherry Soda 1g
Product found: Royal Dab Caviar Crumble Purple Cherry Soda 1g
Product found: Royal Dab Caviar Crumble Sour Pie 1g
Royal Dab OG Kush Caviar Crumble 1g
shatter - Super Glue - 1g
Product found: Royal Dab Caviar Crumble Jelly Cake 1g
Liquid Dreams Syringe - Indica (1.0mL/ .035Oz)
The Oz Dr.Sherb Yellow Crumble 1g (Packaged)
MUNCHIES-Caramel Corn
MUNCHIES-Sriracha Crackers
Daydreamers Chocolate Single Sativa Blueberry
2020-09-03
to update: 0
yesterday= 2020-08-31today= 2020-09-01
&lastModifiedStart=2020-08-31T06:30:00Z&lastModifiedEnd=2020-09-01T06:30:00Z
52
Product found: Heavenly Sweet Edible Squookie Salted Caramel 100mg THC
Dollar Dose - Fruit Punch - 10mg THC
Royal Dab Kush Cake Caviar Sugar 1g
Royal Dab Kush Cake Sugar Sauce 1g
Royal Dab Paradise Citrus Caviar Sugar 1g
0048 flower
TREAT-Cookies & Cream
SQUOOKIE-Lemon Drop
SQUOOKIE-Salted Caramel
SPECIAL EDITION-Peanut Butter Treat
SPECIAL EDITION-Fall to Pieces Treat
420 BAR-Cookies & Cream
420 BAR-Milk Chocolate Crunch
CANNABUTTER-1000mg
TREAT-Rocky Road
SQUOOKIE-Lemon Drop
MUNCHIES-Chile Lime Crackers
MUNCHIES-Lemon Buddies
MUNCHIES-Ranch Crackers
Royal Dab Tropical Punch 1g
SQUOOKIE-Salted Caramel
MUNCHIES-Sriracha Crackers
Dollar Dose - Rootbeer - 5mg THC
Royal Dab Caviar Crumble Obamas Breath 1g
Product found: Royal Dab Caviar Crumble Dr. Sherb 1g
Product found: Kanebes Hybrid Flower Bruce Banner 3.5g
MUNCHIES-Chile Lime Crackers
MUNCHIES-Ranch Crackers
Product found: Royal Dab Caviar Crumble Mimosa Driver 1g
Royal Dab Kush Cake Sugar 1g
Royal Dab Banana OG Diamonds 1g
Day Dreamers Chocolate CBD 1:1 100mg
The Oz Granimals Shatter 1g
Product found: Royal Dab Caviar Crumble Cream Soda 1g
Product found: Royal Dab Caviar Crumble Ice Cream Sundae 1g
Product found: Royal Dab Caviar Sugar SFV OG 1g
Product found: Heavenly Sweet Edible Squookie Salted Caramel 100mg THC
Royal Dab Strawberry Banana Live Resin Sugar 1g
CBDollar Dose-40 mg CBD-Ginger Lemon
SQUOOKIE-Chocolate Chip
Daydreamers Chocolate Sativa
BRUCE BANNER BULK
MUNCHIES-Lemon Buddies
Product found: Royal Dab Caviar Crumble Doc OG 1g
Product found: Royal Dab Caviar Crumble Dr. Sherb 1g
Royal Dab Caviar Crumble Obamas Breath 1g
Product found: Royal Dab Caviar Crumble Purple Cherry Soda 1g
Dread Bread - Shatter
Ice Cream Cake x Sherbert Crumble
SQUOOKIE-Salted Caramel
Summit Boys Lemon Meringue Caviar Crumble 1g
Heavenly Sweet Edible Treats Classic 100mg THC - Beginning Inventory
2020-09-03
to update: 0
yesterday= 2020-08-30today= 2020-08-31
&lastModifiedStart=2020-08-30T06:30:00Z&lastModifiedEnd=2020-08-31T06:30:00Z
1
Royal Dab Vanilla Frosting Caviar Crumble 1g
2020-09-03
to update: 0
yesterday= 2020-08-29today= 2020-08-30
&lastModifiedStart=2020-08-29T06:30:00Z&lastModifiedEnd=2020-08-30T06:30:00Z
0
2020-09-03
to update: 0
yesterday= 2020-08-28today= 2020-08-29
&lastModifiedStart=2020-08-28T06:30:00Z&lastModifiedEnd=2020-08-29T06:30:00Z
17
Mixed Trim Pre- Roll Material Sativa
Mixed Trim Pre-Roll Material Hybrid
Mixed Trim Pre-Roll Material Indica
Mixed Trim Pre- Roll Material Sativa
0030 flower
Flower - Loompas - (g)
MUNCHIES-Sriracha Crackers
LEMON GRASS BULK FLOWER
Goldenseed Iced Lemonade Flower Bulk
MUNCHIES-Lemon Buddies
CBDollar Dose-40 mg CBD-Ginger Lemon
Bulk Flower - Kush Cake - (g)
0050 flower
Gas Pedal OG
Gelato | Smalls - EF
SPK flowers b
Sundae Driver flowers b
2020-09-03
to update: 0
yesterday= 2020-08-27today= 2020-08-28
&lastModifiedStart=2020-08-27T06:30:00Z&lastModifiedEnd=2020-08-28T06:30:00Z
19
TREAT-Fruity
TREAT-Rocky Road
Mendo Breath Bulk Flower
Dollar Dose - Rootbeer - 5mg THC
Royal Dab GG4 Live Resin Sugar 1g
Northern Nights - biomass
OG Express - biomass
Tropicana Haze - biomass
GELITO FLOWER
Dollar Dose Apple Lozenge 5mg
Daydreamers Chocolate Sativa BlueBerry
SFV OG - smalls
Goldenseed Mendo Breath Leaf Bulk
Sour Tangie JDST040420 Buds
Trifi Cookies Bulk Flower
Dosi x Punch small flowers
Wholesale - Flower - Napali Pink
Product found: blue dream
Kanebes Indica Flower Blackberry Kush
2020-09-03
to update: 0
yesterday= 2020-08-26today= 2020-08-27
&lastModifiedStart=2020-08-26T06:30:00Z&lastModifiedEnd=2020-08-27T06:30:00Z
12
MUNCHIES-Chile Lime Crackers
Daydreamers Chocolate Sativa
MUNCHIES-Caramel Corn
SQUOOKIE-Salted Caramel
SQUOOKIE-Chocolate Chip
CBDollar Dose - 15mg CBD - Cinnamon
Daydreamers Caramel Vanilla Mad 60mg
Royal Dab Caviar Crumble AK Cookies 1g
Product found: Royal Dab Caviar Crumble Banana Shock 1g
Summit Boys Pacific Gas Live Resin Caviar Sauce 0.5g
Summit Boys Citrus Sap Live Resin Sugar .5g
Sundae Driver BMSD082819 Buds
2020-09-03
to update: 0
yesterday= 2020-08-25today= 2020-08-26
&lastModifiedStart=2020-08-25T06:30:00Z&lastModifiedEnd=2020-08-26T06:30:00Z
21
Product found: Royal Tree Indica Flower Mendo Breath 3.5g
Product found: Royal Tree Hybrid Flower Tangimal 3.5g
Dollar Dose Apple Lozenge 5mg
Dollar Dose Watermelon Lozenge 5mg
Product found: Royal Dab Sugar Trifi 1g
Product found: Royal Dab Caviar Crumble Doc OG 1g
Royal Dab Blue Z Girls Sugar 1g
Product found: Royal Dab Caviar Sugar SFV OG 1g
Product found: Royal Dab Sugar Mendo Breath 1g
Product found: Royal Dab Caviar Crumble Banana Shock 1g
Product found: Royal Dab Caviar Crumble Jelly Cake 1g
Product found: Royal Dab Caviar Crumble Purple Cherry Soda 1g
Royal Dab OG Kush Caviar Crumble 1g
Product found: Royal Dab Caviar Crumble Sour Pie 1g
Product found: Royal Dab Caviar Crumble Mimosa Driver 1g
MUNCHIES-Chile Lime Crackers
CANNABUTTER-2000mg
MUNCHIES-Ranch Crackers
BLUE DYNASTY FLOWER
SQUOOKIE-Salted Caramel
Summit Boys Ice Cream Cake Caviar Crumble 1g
2020-09-03
to update: 0
yesterday= 2020-08-24today= 2020-08-25
&lastModifiedStart=2020-08-24T06:30:00Z&lastModifiedEnd=2020-08-25T06:30:00Z
9
Heavenly Sweet Fruity Treat 100mg
Extra Toasted Coconut
Dollar Dose - Apple - 5mg THC
0051 flower
Daydreamers Chocolate CBD
Daydreamers Chocolate CBD Mint
Dollar Dose - Apple - 5mg THC
SQUOOKIE-Lemon Drop
Royal Dab Doc Og Caviar Crumble 1g
2020-09-03
to update: 0
yesterday= 2020-08-23today= 2020-08-24
&lastModifiedStart=2020-08-23T06:30:00Z&lastModifiedEnd=2020-08-24T06:30:00Z
0
2020-09-03
to update: 0
yesterday= 2020-08-22today= 2020-08-23
&lastModifiedStart=2020-08-22T06:30:00Z&lastModifiedEnd=2020-08-23T06:30:00Z
0
2020-09-03
to update: 0
yesterday= 2020-08-21today= 2020-08-22
&lastModifiedStart=2020-08-21T06:30:00Z&lastModifiedEnd=2020-08-22T06:30:00Z
5
Chocolate Crumble
Goldenseed Iced Lemonade Leaf Bulk
TREAT-Fruity
The Oz Indica Sherbert Crumble 1g
Royal Dab Super Glue x Greenline Cookies Caviar Crumble 1g
2020-09-03
to update: 0
yesterday= 2020-08-20today= 2020-08-21
&lastModifiedStart=2020-08-20T06:30:00Z&lastModifiedEnd=2020-08-21T06:30:00Z
4
Goldenseed Dosido Leaf Bulk
Product found: Royal Dab Caviar Crumble Doc OG 1g
Royal Dab Mac 1 Caviar Sugar 1g
Product found: Royal Dab Caviar Sugar Kosher Kush 1g
2020-09-03
to update: 0
yesterday= 2020-08-19today= 2020-08-20
&lastModifiedStart=2020-08-19T06:30:00Z&lastModifiedEnd=2020-08-20T06:30:00Z
6
Daydreamers Caramel Machiatto
The Oz Hybrid Dread Bread Shatter 1g
The Oz Doc Og Crumble 1g
Goldenseed Blue City Diesel Leaf Bulk
Goldenseed Garanimals Leaf Bulk
Royal Dab Caviar Sugar Zkittles 1g
2020-09-03
to update: 0
yesterday= 2020-08-18today= 2020-08-19
&lastModifiedStart=2020-08-18T06:30:00Z&lastModifiedEnd=2020-08-19T06:30:00Z
12
S - Royal Dab Sugar Mendo Breath 1g
Dollar Dose - Fruit Punch - 10mg THC
Dollar Dose - Watermelon - 5mg THC
Liquid Dreams Indica 25mg - 4 Pk
Liquid Dreams Sativa 25mg - 4 Pk
Liquid Dreams Indica 50mg - 4 Pk
Liquid Dreams Sativa 50mg - 4 Pk
MUNCHIES-Chile Lime Crackers
Dollar Dose - Apple - 5mg THC
MUNCHIES-Caramel Corn
MUNCHIES-Ranch Crackers
Dollar Dose - Watermelon - 5mg THC
2020-09-03
to update: 0
yesterday= 2020-08-17today= 2020-08-18
&lastModifiedStart=2020-08-17T06:30:00Z&lastModifiedEnd=2020-08-18T06:30:00Z
6
Dollar Dose - Watermelon - 5mg THC
SPECIAL EDITION-Maui Waui Treat
Dollar Dose - Hibiscus - 5mg THC
Daydreamers Chocolate Sativa
Chocolate Crumble
SQUOOKIE-Salted Caramel
2020-09-03
to update: 0
yesterday= 2020-08-16today= 2020-08-17
&lastModifiedStart=2020-08-16T06:30:00Z&lastModifiedEnd=2020-08-17T06:30:00Z
0
2020-09-03
to update: 0
yesterday= 2020-08-15today= 2020-08-16
&lastModifiedStart=2020-08-15T06:30:00Z&lastModifiedEnd=2020-08-16T06:30:00Z
0
2020-09-03
to update: 0
yesterday= 2020-08-14today= 2020-08-15
&lastModifiedStart=2020-08-14T06:30:00Z&lastModifiedEnd=2020-08-15T06:30:00Z
1
Daydreamers Chocolate CBD Rich
2020-09-03
to update: 0
yesterday= 2020-08-13today= 2020-08-14
&lastModifiedStart=2020-08-13T06:30:00Z&lastModifiedEnd=2020-08-14T06:30:00Z
7
Goldenseed Iced Lemonade Leaf Bulk
Daydreamers Chocolate Sativa BlueBerry
Heavenly Sweet Edibles Cookies & Cream Treat 100mg
Goldenseed Iced Lemonade Leaf Bulk
Summit Boys Citrus Sap Live Resin Sugar .5g
Daydreamers Chocolate Indica Apricot
Summit Boys Citrus Sap Live Resin Sugar .5g
2020-09-03
to update: 0
yesterday= 2020-08-12today= 2020-08-13
&lastModifiedStart=2020-08-12T06:30:00Z&lastModifiedEnd=2020-08-13T06:30:00Z
11
Hazy Hazelnut
Cosmic Berry Crunch
0030 flower
MUNCHIES-Lemon Buddies
Apple Lozenge
Product found: Heavenly Sweet Edible Squookie Lemon Drop 100mg THC
SPECIAL EDITION-Peanut Butter Treat
CBDollar Dose - 15mg CBD - Mint Eucalyptus
Daydreamers Chocolate CBD Rich
Indica Pre-Roll
Summit Boys Ice Cream Cake Caviar Crumble 1g
2020-09-03
to update: 0
yesterday= 2020-08-11today= 2020-08-12
&lastModifiedStart=2020-08-11T06:30:00Z&lastModifiedEnd=2020-08-12T06:30:00Z
10
TREAT-Classic
Heavenly Sweet Cannabutter 1000mg THC
Heavenly Sweet Edibles Cannabutter 2000mg THC
TREAT-Cookies & Cream
Daydreamers Chocolate CBD Mint
Summit Boys Clementine Cavair Crumble 1g
Daydreamers Chocolate Hybrid CMacchiato
MUNCHIES-Sriracha Crackers
Chocolate Crumble
Cosmic Berry Crunch
2020-09-03
to update: 0
yesterday= 2020-08-10today= 2020-08-11
&lastModifiedStart=2020-08-10T06:30:00Z&lastModifiedEnd=2020-08-11T06:30:00Z
15
S - Royal Dab Zkittles Caviar Sugar 1g
SQUOOKIE-Lemon Drop
CANNABUTTER-1000mg
Daydreamers Chocolate Indica Apricot
Product found: Royal Dab Caviar Sugar Mac 1 1g
Product found: Royal Dab Caviar Sugar Kosher Kush 1g
Product found: Royal Dab Caviar Sugar Scotts OG 1g
Royal Dab OG Brulee Caviar Suagr 1g
TREAT-Rocky Road
Cosmic Berry Crunch
Heavenly Sweet Edibles Rocky Road Treat 100mg
Snickerdoodle - Snickerdoole
Summit Boys Pacific Gas Live Resin Caviar Sauce 0.5g
Chocolate Crumble Edible Each
Summit Boys Citrus Sap Live Resin Sugar .5g
2020-09-03
to update: 0
yesterday= 2020-08-09today= 2020-08-10
&lastModifiedStart=2020-08-09T06:30:00Z&lastModifiedEnd=2020-08-10T06:30:00Z
0
2020-09-03
to update: 0
yesterday= 2020-08-08today= 2020-08-09
&lastModifiedStart=2020-08-08T06:30:00Z&lastModifiedEnd=2020-08-09T06:30:00Z
0
2020-09-03
to update: 0
yesterday= 2020-08-07today= 2020-08-08
&lastModifiedStart=2020-08-07T06:30:00Z&lastModifiedEnd=2020-08-08T06:30:00Z
16
TREAT-Fruity
MUNCHIES-Sriracha Crackers
Dollar Dose - Fruit Punch - 10mg THC
S - Royal Dab Zkittles Caviar Sugar 1g
Chocolate Crumble
Day Dreamers Chocolate Hybrid 100mg
Royal Dab Lemon Cake Caviar Crumble 1g
Royal Dab Caviar Crumble Obamas Breath 1g
Product found: Royal Dab Caviar Sugar OG Brulee 1g
Heavenly Sweet Edibles Cannabutter 2000mg THC
Product found: Royal Dab Caviar Crumble Purple Cherry Soda 1g
Product found: Royal Dab Caviar Sugar Watermelon OG 1g
Product found: The Oz Crumble Yellow Super Glue X Greenline Cookies 1g
MUNCHIES-Sriracha Crackers
Summit Boys Pacific Gas Live Resin Caviar Sauce 0.5g
Dreamers Edible Chocolate Apricot Indica 100mg - Beginning Inventory
2020-09-03
to update: 0
yesterday= 2020-08-06today= 2020-08-07
&lastModifiedStart=2020-08-06T06:30:00Z&lastModifiedEnd=2020-08-07T06:30:00Z
1
Mantra - Green Apple/Grape
2020-09-03
to update: 0
yesterday= 2020-08-05today= 2020-08-06
&lastModifiedStart=2020-08-05T06:30:00Z&lastModifiedEnd=2020-08-06T06:30:00Z
13
S - Royal Tree Hybrid Flower Tangimal 3.5g
Product found: Kanebes Indica Flower Forbidden Fruit 3.5g
Product found: Kanebes Hybrid Flower Lemon Grass 3.5g
MUNCHIES-Caramel Corn
MUNCHIES-Lemon Buddies
Product found: Heavenly Sweet Edible Squookie Lemon Drop 100mg THC
CANNABUTTER-2000mg
Goldenseed MAC #1 Leaf Bulk
Daydreamers Chocolate Sativa BlueBerry
Daydreamers Chocolate Hybrid CMacchiato
MUNCHIES-Lemon Buddies
Daydreamers Chocolate Indica Apricot
MUNCHIES-Lemon Buddies
2020-09-03
to update: 0
yesterday= 2020-08-04today= 2020-08-05
&lastModifiedStart=2020-08-04T06:30:00Z&lastModifiedEnd=2020-08-05T06:30:00Z
6
Royal Dab Trifi Sugar 1g
MUNCHIES-Muddy Buddies
MUNCHIES-Ranch Crackers
Royal Bud Indica Pineapple Upside Down Cake 3.5g
LEMON GRASS BULK FLOWER
102 - Premium Flower - Forbidden Fruit
2020-09-03
to update: 0
yesterday= 2020-08-03today= 2020-08-04
&lastModifiedStart=2020-08-03T06:30:00Z&lastModifiedEnd=2020-08-04T06:30:00Z
26
S - Royal Dab Caviar Crumble Mimosa Driver 1g
Product found: Royal Dab Caviar Crumble Dr. Sherb 1g
Product found: Royal Dab Caviar Crumble Mimosa Driver 1g
Product found: Royal Dab Caviar Crumble Sour Pie 1g
Dollar Dose Rootbeer Lozenge 5mg
CBDDollar Dose-40mg-CBDLemonGinger
Heavenely Sweet Edible Squookie Chocolate Chip 100mg THC
Heavenly Sweet Cannabutter 1000mg THC
Heavenly Sweet Edible Peanut Butter Treat 100mg
Heavenly Sweet Edibles Berry Crunch Treat 100mg
Heavenly Sweet Edibles Cookies & Cream Treat 100mg
Heavenly Sweet Edibles Rocky Road Treat 100mg
Heavenly Sweet Edibles Classic Treat 100mg
Heavenly Sweet Edibles Fruity Treat 100mg
Heavenly Sweet Edibles Caramel Corn Munchies 100mg
Heavenly Sweet Munchies Lemon Buddies 100mg
Heavenly Sweet Munchies Muddy Buddies 100mg
Heavenly Sweet Munchies Sriracha Crackers 100mg
Heavenly Sweet Edibles Ranch Crackers Munchies 100mg
Heavenly Sweet Munchies Chile Lime Crackers 100mg
Royal Dab Scotts Og Caviar Sugar 1g
Summit Boys Caviar Crumble Ice Cream Sundae 1g
The Oz Crumble Incredible Hulk 1g
Product found: Kanebes Hybrid Flower Berry Kush 7g Smalls
Product found: Royal Dab Caviar Crumble Mimosa Driver 1g
Snickerdoodle - Snickerdoole
2020-09-03
to update: 0
yesterday= 2020-08-02today= 2020-08-03
&lastModifiedStart=2020-08-02T06:30:00Z&lastModifiedEnd=2020-08-03T06:30:00Z
0
2020-09-03
to update: 0
yesterday= 2020-08-01today= 2020-08-02
&lastModifiedStart=2020-08-01T06:30:00Z&lastModifiedEnd=2020-08-02T06:30:00Z
0
2020-09-03
to update: 0
yesterday= 2020-07-31today= 2020-08-01
&lastModifiedStart=2020-07-31T06:30:00Z&lastModifiedEnd=2020-08-01T06:30:00Z
6
Product found: Royal Dab Caviar Crumble Mimosa Driver 1g
Heavenly Sweet Edibles Berry Crunch Treat 100mg
0010 flower
0073 flower
Product found: Royal Dab Caviar Crumble Banana Shock 1g
0033 flower
2020-09-03
to update: 0
yesterday= 2020-07-30today= 2020-07-31
&lastModifiedStart=2020-07-30T06:30:00Z&lastModifiedEnd=2020-07-31T06:30:00Z
1
SQUOOKIE-Lemon Drop
2020-09-03
to update: 0
yesterday= 2020-07-29today= 2020-07-30
&lastModifiedStart=2020-07-29T06:30:00Z&lastModifiedEnd=2020-07-30T06:30:00Z
6
Royal Dab Zkittles Caviar Sugar 1g
S - Royal Dab Zkittles Caviar Sugar 1g
Royal Dab Terpene Rich Crumble AK Cookies 1g
S - Royal Dab Terpene Rich Crumble AK Cookies 1g
CANNABUTTER-1000mg
MUNCHIES-Chile Lime Crackers
2020-09-03
to update: 0
yesterday= 2020-09-03today= 2020-09-04
&lastModifiedStart=2020-09-03T06:30:00Z&lastModifiedEnd=2020-09-04T06:30:00Z
66
Royal Dab Banana Pudding Crumble 1g
Royal Dab Sugar Mint Crumble 1g
Royal Dab Tropicana OG Crumble 1g
0048 flower
TREAT-Cookies & Cream
TREAT-Fruity
SQUOOKIE-Lemon Drop
CANNABUTTER-1000mg
TREAT-Berry Crunch
TREAT-Fruity
TREAT-Rocky Road
Qa Lot Source - True OG - Flower
TREAT-Fruity
Mimosa
Dollar Dose - Watermelon - 5mg THC
Daydreamers Chocolate Sativa
The Oz Wedding Crasher Crumble 1g
Royal Dab GG4 Live Resin Sugar 1g
Dollar Dose - Rootbeer - 5mg THC
TREAT-Berry Crunch
TREAT-Classic
TREAT-Cookies & Cream
TREAT-Rocky Road
MUNCHIES-Ranch Crackers
MUNCHIES-Sriracha Crackers
SPECIAL EDITION-Maui Waui Treat
Northern Nights - Kanebes 0.8g preroll
OG Express - Kanebes 0.8g preroll
Tropicana Haze - Kanebes 0.8g preroll
Royal Dab Tropical Punch 1g
Jack Herer Flower
Blue Dream Flower
SPECIAL EDITION-Maui Waui Treat
MUNCHIES-Caramel Corn
TREAT-Classic
MUNCHIES-Chile Lime Crackers
MUNCHIES-Muddy Buddies
MUNCHIES-Chile Lime Crackers
MUNCHIES-Muddy Buddies
Product found: Royal Dab Sugar Mendo Breath 1g
Product found: Royal Dab Sugar Trifi 1g
Daydreamers Chocolate CBD
Royal Dab Slurri Crasher Caviar Crumble 1g
MUNCHIES-Caramel Corn
[Caliva] COA Batch (Z Cube)
Royal Dab Kush Cake Sugar 1g
Royal Dab Blue Z Girls Sugar 1g
Product found: Royal Dab Caviar Crumble Banana Shock 1g
Product found: Royal Dab Caviar Crumble Purple Cherry Soda 1g
Day Dreamers Chocolate Hybrid 100mg
Product found: Royal Dab Caviar Crumble Sour Pie 1g
Royal Dab OG Kush Caviar Crumble 1g
Royal Dab Blue Dream Caviar Crumble 1g
The Oz Wonka Bars Shatter 1g
The Oz Granimals Shatter 1g
The Oz Pineapple Breath Yellow Crumble 1g
Royal Dab Caviar Crumble AK Cookies 1g
SPECIAL EDITION-Peanut Butter Treat
Daydreamers Chocolate Hybrid
Dollar Dose Apple Lozenge 5mg
Heavenly Sweet Edibles Rocky Road Treat 100mg
The Oz Hybrid Dread Bread Shatter 1g
Royal Dab Strawberry Banana Live Resin Sugar 1g
Summit Boys Pacific Gas Live Resin Caviar Sauce 0.5g
Summit Boys Ice Cream Cake Caviar Crumble 1g
OZ Pre-Roll Mixed Crumble
2020-09-04
to update: 0
yesterday= 2020-09-02today= 2020-09-03
&lastModifiedStart=2020-09-02T06:30:00Z&lastModifiedEnd=2020-09-03T06:30:00Z
30
CANNABUTTER-2000mg
TREAT-Cookies & Cream
CANNABUTTER-2000mg
Heavenly Sweet Edible Maui Waui Treat 100mg
Chocolate Crumble
Royal Dab Holy Grail Sugar 1g
Royal Dab Red Dragon Sugar 1g
Hazy Hazelnut
Cosmic Berry Crunch
0051 flower
Dollar Dose - Watermelon - 5mg THC
SPECIAL EDITION-Peanut Butter Treat
CANNABUTTER-1000mg
PLATINUM FIELDS FLOWER
Dollar Dose - Hibiscus - 5mg THC
101 - Artisan Flower - Chem Dawg
The Oz Hybrid Grape Pie Shatter 1g
Hazy Hazelnut
Day Dreamers Chocolate Hybrid Caramel Macchiato 100mg
The Oz Lemon OG x Banana Zkittlez Yellow Crumble 1g
Product found: S - Dollar Dose - lozenge - Indica Rootbeer - 5mg
Daydreamers Caramel Vanilla Mad 60mg
Daydreamers Caramel Machiatto
Apple Lozenge
Snickerdoodle Rice Krispy
Pineapple Upside Down Cake GFPUC051120 Buds
Ice Cream Cake Crumble
Extra Toasted Coconut
Wedding Cake flowers
sundae driver
2020-09-04
to update: 0
yesterday= 2020-09-01today= 2020-09-02
&lastModifiedStart=2020-09-01T06:30:00Z&lastModifiedEnd=2020-09-02T06:30:00Z
14
Royal Tree Flower Sativa Super Sour Diesel 3.5g
TREAT-Cookies & Cream
Daydreamers Chocolate Indica
Fatso - Flower (A's)
TREAT-Berry Crunch
SQUOOKIE-Salted Caramel
Product found: Royal Dab Caviar Crumble Purple Cherry Soda 1g
shatter - Super Glue - 1g
Product found: Royal Dab Caviar Crumble Jelly Cake 1g
Liquid Dreams Syringe - Indica (1.0mL/ .035Oz)
The Oz Dr.Sherb Yellow Crumble 1g (Packaged)
MUNCHIES-Caramel Corn
MUNCHIES-Sriracha Crackers
Daydreamers Chocolate Single Sativa Blueberry
2020-09-04
to update: 0
yesterday= 2020-08-31today= 2020-09-01
&lastModifiedStart=2020-08-31T06:30:00Z&lastModifiedEnd=2020-09-01T06:30:00Z
42
Product found: Heavenly Sweet Edible Squookie Salted Caramel 100mg THC
Dollar Dose - Fruit Punch - 10mg THC
Royal Dab Kush Cake Caviar Sugar 1g
Royal Dab Kush Cake Sugar Sauce 1g
Royal Dab Paradise Citrus Caviar Sugar 1g
SQUOOKIE-Salted Caramel
SPECIAL EDITION-Peanut Butter Treat
SPECIAL EDITION-Fall to Pieces Treat
420 BAR-Cookies & Cream
420 BAR-Milk Chocolate Crunch
CANNABUTTER-1000mg
SQUOOKIE-Lemon Drop
MUNCHIES-Chile Lime Crackers
MUNCHIES-Lemon Buddies
SQUOOKIE-Salted Caramel
MUNCHIES-Sriracha Crackers
Dollar Dose - Rootbeer - 5mg THC
Royal Dab Caviar Crumble Obamas Breath 1g
Product found: Royal Dab Caviar Crumble Dr. Sherb 1g
Product found: Kanebes Hybrid Flower Bruce Banner 3.5g
MUNCHIES-Ranch Crackers
Product found: Royal Dab Caviar Crumble Mimosa Driver 1g
Royal Dab Banana OG Diamonds 1g
Day Dreamers Chocolate CBD 1:1 100mg
Product found: Royal Dab Caviar Crumble Cream Soda 1g
Product found: Royal Dab Caviar Crumble Ice Cream Sundae 1g
Product found: Royal Dab Caviar Sugar SFV OG 1g
Product found: Heavenly Sweet Edible Squookie Salted Caramel 100mg THC
CBDollar Dose-40 mg CBD-Ginger Lemon
SQUOOKIE-Chocolate Chip
Daydreamers Chocolate Sativa
BRUCE BANNER BULK
MUNCHIES-Lemon Buddies
Product found: Royal Dab Caviar Crumble Doc OG 1g
Product found: Royal Dab Caviar Crumble Dr. Sherb 1g
Royal Dab Caviar Crumble Obamas Breath 1g
Product found: Royal Dab Caviar Crumble Purple Cherry Soda 1g
Dread Bread - Shatter
Ice Cream Cake x Sherbert Crumble
SQUOOKIE-Salted Caramel
Summit Boys Lemon Meringue Caviar Crumble 1g
Heavenly Sweet Edible Treats Classic 100mg THC - Beginning Inventory
2020-09-04
to update: 0
yesterday= 2020-08-30today= 2020-08-31
&lastModifiedStart=2020-08-30T06:30:00Z&lastModifiedEnd=2020-08-31T06:30:00Z
1
Royal Dab Vanilla Frosting Caviar Crumble 1g
2020-09-04
to update: 0
yesterday= 2020-08-29today= 2020-08-30
&lastModifiedStart=2020-08-29T06:30:00Z&lastModifiedEnd=2020-08-30T06:30:00Z
0
2020-09-04
to update: 0
yesterday= 2020-08-28today= 2020-08-29
&lastModifiedStart=2020-08-28T06:30:00Z&lastModifiedEnd=2020-08-29T06:30:00Z
16
Mixed Trim Pre- Roll Material Sativa
Mixed Trim Pre-Roll Material Hybrid
Mixed Trim Pre-Roll Material Indica
Mixed Trim Pre- Roll Material Sativa
0030 flower
Flower - Loompas - (g)
LEMON GRASS BULK FLOWER
Goldenseed Iced Lemonade Flower Bulk
MUNCHIES-Lemon Buddies
CBDollar Dose-40 mg CBD-Ginger Lemon
Bulk Flower - Kush Cake - (g)
0050 flower
Gas Pedal OG
Gelato | Smalls - EF
SPK flowers b
Sundae Driver flowers b
2020-09-04
to update: 0
yesterday= 2020-08-27today= 2020-08-28
&lastModifiedStart=2020-08-27T06:30:00Z&lastModifiedEnd=2020-08-28T06:30:00Z
16
TREAT-Rocky Road
Mendo Breath Bulk Flower
Dollar Dose - Rootbeer - 5mg THC
Northern Nights - biomass
OG Express - biomass
Tropicana Haze - biomass
GELITO FLOWER
Daydreamers Chocolate Sativa BlueBerry
SFV OG - smalls
Goldenseed Mendo Breath Leaf Bulk
Sour Tangie JDST040420 Buds
Trifi Cookies Bulk Flower
Dosi x Punch small flowers
Wholesale - Flower - Napali Pink
Product found: blue dream
Kanebes Indica Flower Blackberry Kush
2020-09-04
to update: 0
yesterday= 2020-08-26today= 2020-08-27
&lastModifiedStart=2020-08-26T06:30:00Z&lastModifiedEnd=2020-08-27T06:30:00Z
10
MUNCHIES-Chile Lime Crackers
Daydreamers Chocolate Sativa
MUNCHIES-Caramel Corn
SQUOOKIE-Salted Caramel
SQUOOKIE-Chocolate Chip
CBDollar Dose - 15mg CBD - Cinnamon
Daydreamers Caramel Vanilla Mad 60mg
Product found: Royal Dab Caviar Crumble Banana Shock 1g
Summit Boys Citrus Sap Live Resin Sugar .5g
Sundae Driver BMSD082819 Buds
2020-09-04
to update: 0
yesterday= 2020-08-25today= 2020-08-26
&lastModifiedStart=2020-08-25T06:30:00Z&lastModifiedEnd=2020-08-26T06:30:00Z
20
Product found: Royal Tree Indica Flower Mendo Breath 3.5g
Product found: Royal Tree Hybrid Flower Tangimal 3.5g
Dollar Dose Apple Lozenge 5mg
Dollar Dose Watermelon Lozenge 5mg
Product found: Royal Dab Sugar Trifi 1g
Product found: Royal Dab Caviar Crumble Doc OG 1g
Royal Dab Blue Z Girls Sugar 1g
Product found: Royal Dab Caviar Sugar SFV OG 1g
Product found: Royal Dab Sugar Mendo Breath 1g
Product found: Royal Dab Caviar Crumble Banana Shock 1g
Product found: Royal Dab Caviar Crumble Jelly Cake 1g
Product found: Royal Dab Caviar Crumble Purple Cherry Soda 1g
Royal Dab OG Kush Caviar Crumble 1g
Product found: Royal Dab Caviar Crumble Sour Pie 1g
Product found: Royal Dab Caviar Crumble Mimosa Driver 1g
MUNCHIES-Chile Lime Crackers
CANNABUTTER-2000mg
MUNCHIES-Ranch Crackers
BLUE DYNASTY FLOWER
SQUOOKIE-Salted Caramel
2020-09-04
to update: 0
yesterday= 2020-08-24today= 2020-08-25
&lastModifiedStart=2020-08-24T06:30:00Z&lastModifiedEnd=2020-08-25T06:30:00Z
8
Heavenly Sweet Fruity Treat 100mg
Extra Toasted Coconut
Dollar Dose - Apple - 5mg THC
0051 flower
Daydreamers Chocolate CBD Mint
Dollar Dose - Apple - 5mg THC
SQUOOKIE-Lemon Drop
Royal Dab Doc Og Caviar Crumble 1g
2020-09-04
to update: 0
yesterday= 2020-08-23today= 2020-08-24
&lastModifiedStart=2020-08-23T06:30:00Z&lastModifiedEnd=2020-08-24T06:30:00Z
0
2020-09-04
to update: 0
yesterday= 2020-08-22today= 2020-08-23
&lastModifiedStart=2020-08-22T06:30:00Z&lastModifiedEnd=2020-08-23T06:30:00Z
0
2020-09-04
to update: 0
yesterday= 2020-08-21today= 2020-08-22
&lastModifiedStart=2020-08-21T06:30:00Z&lastModifiedEnd=2020-08-22T06:30:00Z
5
Chocolate Crumble
Goldenseed Iced Lemonade Leaf Bulk
TREAT-Fruity
The Oz Indica Sherbert Crumble 1g
Royal Dab Super Glue x Greenline Cookies Caviar Crumble 1g
2020-09-04
to update: 0
yesterday= 2020-08-20today= 2020-08-21
&lastModifiedStart=2020-08-20T06:30:00Z&lastModifiedEnd=2020-08-21T06:30:00Z
4
Goldenseed Dosido Leaf Bulk
Product found: Royal Dab Caviar Crumble Doc OG 1g
Royal Dab Mac 1 Caviar Sugar 1g
Product found: Royal Dab Caviar Sugar Kosher Kush 1g
2020-09-04
to update: 0
yesterday= 2020-08-19today= 2020-08-20
&lastModifiedStart=2020-08-19T06:30:00Z&lastModifiedEnd=2020-08-20T06:30:00Z
5
Daydreamers Caramel Machiatto
The Oz Doc Og Crumble 1g
Goldenseed Blue City Diesel Leaf Bulk
Goldenseed Garanimals Leaf Bulk
Royal Dab Caviar Sugar Zkittles 1g
2020-09-04
to update: 0
yesterday= 2020-08-18today= 2020-08-19
&lastModifiedStart=2020-08-18T06:30:00Z&lastModifiedEnd=2020-08-19T06:30:00Z
11
S - Royal Dab Sugar Mendo Breath 1g
Dollar Dose - Fruit Punch - 10mg THC
Dollar Dose - Watermelon - 5mg THC
Liquid Dreams Indica 25mg - 4 Pk
Liquid Dreams Sativa 25mg - 4 Pk
Liquid Dreams Indica 50mg - 4 Pk
Liquid Dreams Sativa 50mg - 4 Pk
Dollar Dose - Apple - 5mg THC
MUNCHIES-Caramel Corn
MUNCHIES-Ranch Crackers
Dollar Dose - Watermelon - 5mg THC
2020-09-04
to update: 0
yesterday= 2020-08-17today= 2020-08-18
&lastModifiedStart=2020-08-17T06:30:00Z&lastModifiedEnd=2020-08-18T06:30:00Z
5
Dollar Dose - Watermelon - 5mg THC
Dollar Dose - Hibiscus - 5mg THC
Daydreamers Chocolate Sativa
Chocolate Crumble
SQUOOKIE-Salted Caramel
2020-09-04
to update: 0
yesterday= 2020-08-16today= 2020-08-17
&lastModifiedStart=2020-08-16T06:30:00Z&lastModifiedEnd=2020-08-17T06:30:00Z
0
2020-09-04
to update: 0
yesterday= 2020-08-15today= 2020-08-16
&lastModifiedStart=2020-08-15T06:30:00Z&lastModifiedEnd=2020-08-16T06:30:00Z
0
2020-09-04
to update: 0
yesterday= 2020-08-14today= 2020-08-15
&lastModifiedStart=2020-08-14T06:30:00Z&lastModifiedEnd=2020-08-15T06:30:00Z
1
Daydreamers Chocolate CBD Rich
2020-09-04
to update: 0
yesterday= 2020-08-13today= 2020-08-14
&lastModifiedStart=2020-08-13T06:30:00Z&lastModifiedEnd=2020-08-14T06:30:00Z
7
Goldenseed Iced Lemonade Leaf Bulk
Daydreamers Chocolate Sativa BlueBerry
Heavenly Sweet Edibles Cookies & Cream Treat 100mg
Goldenseed Iced Lemonade Leaf Bulk
Summit Boys Citrus Sap Live Resin Sugar .5g
Daydreamers Chocolate Indica Apricot
Summit Boys Citrus Sap Live Resin Sugar .5g
2020-09-04
to update: 0
yesterday= 2020-08-12today= 2020-08-13
&lastModifiedStart=2020-08-12T06:30:00Z&lastModifiedEnd=2020-08-13T06:30:00Z
11
Hazy Hazelnut
Cosmic Berry Crunch
0030 flower
MUNCHIES-Lemon Buddies
Apple Lozenge
Product found: Heavenly Sweet Edible Squookie Lemon Drop 100mg THC
SPECIAL EDITION-Peanut Butter Treat
CBDollar Dose - 15mg CBD - Mint Eucalyptus
Daydreamers Chocolate CBD Rich
Indica Pre-Roll
Summit Boys Ice Cream Cake Caviar Crumble 1g
2020-09-04
to update: 0
yesterday= 2020-08-11today= 2020-08-12
&lastModifiedStart=2020-08-11T06:30:00Z&lastModifiedEnd=2020-08-12T06:30:00Z
9
Heavenly Sweet Cannabutter 1000mg THC
Heavenly Sweet Edibles Cannabutter 2000mg THC
TREAT-Cookies & Cream
Daydreamers Chocolate CBD Mint
Summit Boys Clementine Cavair Crumble 1g
Daydreamers Chocolate Hybrid CMacchiato
MUNCHIES-Sriracha Crackers
Chocolate Crumble
Cosmic Berry Crunch
2020-09-04
to update: 0
yesterday= 2020-08-10today= 2020-08-11
&lastModifiedStart=2020-08-10T06:30:00Z&lastModifiedEnd=2020-08-11T06:30:00Z
14
S - Royal Dab Zkittles Caviar Sugar 1g
SQUOOKIE-Lemon Drop
CANNABUTTER-1000mg
Daydreamers Chocolate Indica Apricot
Product found: Royal Dab Caviar Sugar Mac 1 1g
Product found: Royal Dab Caviar Sugar Kosher Kush 1g
Product found: Royal Dab Caviar Sugar Scotts OG 1g
Royal Dab OG Brulee Caviar Suagr 1g
TREAT-Rocky Road
Cosmic Berry Crunch
Heavenly Sweet Edibles Rocky Road Treat 100mg
Snickerdoodle - Snickerdoole
Chocolate Crumble Edible Each
Summit Boys Citrus Sap Live Resin Sugar .5g
2020-09-04
to update: 0
yesterday= 2020-08-09today= 2020-08-10
&lastModifiedStart=2020-08-09T06:30:00Z&lastModifiedEnd=2020-08-10T06:30:00Z
0
2020-09-04
to update: 0
yesterday= 2020-08-08today= 2020-08-09
&lastModifiedStart=2020-08-08T06:30:00Z&lastModifiedEnd=2020-08-09T06:30:00Z
0
2020-09-04
to update: 0
yesterday= 2020-08-07today= 2020-08-08
&lastModifiedStart=2020-08-07T06:30:00Z&lastModifiedEnd=2020-08-08T06:30:00Z
14
TREAT-Fruity
MUNCHIES-Sriracha Crackers
Dollar Dose - Fruit Punch - 10mg THC
S - Royal Dab Zkittles Caviar Sugar 1g
Chocolate Crumble
Royal Dab Lemon Cake Caviar Crumble 1g
Royal Dab Caviar Crumble Obamas Breath 1g
Product found: Royal Dab Caviar Sugar OG Brulee 1g
Heavenly Sweet Edibles Cannabutter 2000mg THC
Product found: Royal Dab Caviar Crumble Purple Cherry Soda 1g
Product found: Royal Dab Caviar Sugar Watermelon OG 1g
Product found: The Oz Crumble Yellow Super Glue X Greenline Cookies 1g
MUNCHIES-Sriracha Crackers
Dreamers Edible Chocolate Apricot Indica 100mg - Beginning Inventory
2020-09-04
to update: 0
yesterday= 2020-08-06today= 2020-08-07
&lastModifiedStart=2020-08-06T06:30:00Z&lastModifiedEnd=2020-08-07T06:30:00Z
1
Mantra - Green Apple/Grape
2020-09-04
to update: 0
yesterday= 2020-08-05today= 2020-08-06
&lastModifiedStart=2020-08-05T06:30:00Z&lastModifiedEnd=2020-08-06T06:30:00Z
12
S - Royal Tree Hybrid Flower Tangimal 3.5g
Product found: Kanebes Indica Flower Forbidden Fruit 3.5g
Product found: Kanebes Hybrid Flower Lemon Grass 3.5g
MUNCHIES-Lemon Buddies
Product found: Heavenly Sweet Edible Squookie Lemon Drop 100mg THC
CANNABUTTER-2000mg
Goldenseed MAC #1 Leaf Bulk
Daydreamers Chocolate Sativa BlueBerry
Daydreamers Chocolate Hybrid CMacchiato
MUNCHIES-Lemon Buddies
Daydreamers Chocolate Indica Apricot
MUNCHIES-Lemon Buddies
2020-09-04
to update: 0
yesterday= 2020-08-04today= 2020-08-05
&lastModifiedStart=2020-08-04T06:30:00Z&lastModifiedEnd=2020-08-05T06:30:00Z
6
Royal Dab Trifi Sugar 1g
MUNCHIES-Muddy Buddies
MUNCHIES-Ranch Crackers
Royal Bud Indica Pineapple Upside Down Cake 3.5g
LEMON GRASS BULK FLOWER
102 - Premium Flower - Forbidden Fruit
2020-09-04
to update: 0
yesterday= 2020-08-03today= 2020-08-04
&lastModifiedStart=2020-08-03T06:30:00Z&lastModifiedEnd=2020-08-04T06:30:00Z
25
S - Royal Dab Caviar Crumble Mimosa Driver 1g
Product found: Royal Dab Caviar Crumble Dr. Sherb 1g
Product found: Royal Dab Caviar Crumble Mimosa Driver 1g
Product found: Royal Dab Caviar Crumble Sour Pie 1g
Dollar Dose Rootbeer Lozenge 5mg
CBDDollar Dose-40mg-CBDLemonGinger
Heavenely Sweet Edible Squookie Chocolate Chip 100mg THC
Heavenly Sweet Cannabutter 1000mg THC
Heavenly Sweet Edible Peanut Butter Treat 100mg
Heavenly Sweet Edibles Berry Crunch Treat 100mg
Heavenly Sweet Edibles Cookies & Cream Treat 100mg
Heavenly Sweet Edibles Classic Treat 100mg
Heavenly Sweet Edibles Fruity Treat 100mg
Heavenly Sweet Edibles Caramel Corn Munchies 100mg
Heavenly Sweet Munchies Lemon Buddies 100mg
Heavenly Sweet Munchies Muddy Buddies 100mg
Heavenly Sweet Munchies Sriracha Crackers 100mg
Heavenly Sweet Edibles Ranch Crackers Munchies 100mg
Heavenly Sweet Munchies Chile Lime Crackers 100mg
Royal Dab Scotts Og Caviar Sugar 1g
Summit Boys Caviar Crumble Ice Cream Sundae 1g
The Oz Crumble Incredible Hulk 1g
Product found: Kanebes Hybrid Flower Berry Kush 7g Smalls
Product found: Royal Dab Caviar Crumble Mimosa Driver 1g
Snickerdoodle - Snickerdoole
2020-09-04
to update: 0
yesterday= 2020-08-02today= 2020-08-03
&lastModifiedStart=2020-08-02T06:30:00Z&lastModifiedEnd=2020-08-03T06:30:00Z
0
2020-09-04
to update: 0
yesterday= 2020-08-01today= 2020-08-02
&lastModifiedStart=2020-08-01T06:30:00Z&lastModifiedEnd=2020-08-02T06:30:00Z
0
2020-09-04
to update: 0
yesterday= 2020-07-31today= 2020-08-01
&lastModifiedStart=2020-07-31T06:30:00Z&lastModifiedEnd=2020-08-01T06:30:00Z
6
Product found: Royal Dab Caviar Crumble Mimosa Driver 1g
Heavenly Sweet Edibles Berry Crunch Treat 100mg
0010 flower
0073 flower
Product found: Royal Dab Caviar Crumble Banana Shock 1g
0033 flower
2020-09-04
to update: 0
yesterday= 2020-07-30today= 2020-07-31
&lastModifiedStart=2020-07-30T06:30:00Z&lastModifiedEnd=2020-07-31T06:30:00Z
1
SQUOOKIE-Lemon Drop
2020-09-04
to update: 0
yesterday= 2020-09-04today= 2020-09-05
&lastModifiedStart=2020-09-04T06:30:00Z&lastModifiedEnd=2020-09-05T06:30:00Z
35
Dollar Dose - Watermelon - 5mg THC
Dollar Dose - Apple - 5mg THC
Dollar Dose - Hibiscus - 5mg THC
Dollar Dose - Rootbeer - 5mg THC
CBDollar Dose-40 mg CBD-Ginger Lemon
CBDollar Dose-40 mg CBD-Ginger Lemon
Dollar Dose - Fruit Punch - 10mg THC
TREAT-Cookies & Cream
TREAT-Fruity
TREAT-Berry Crunch
Qa Lot Source - True OG - Flower
Mimosa
Daydreamers Chocolate Sativa
TREAT-Classic
Fatso - Flower (A's)
Royal Dab Tropical Punch 1g
Jack Herer Flower
Blue Dream Flower
CANNABUTTER-1000mg
MUNCHIES-Muddy Buddies
Product found: Royal Dab Caviar Crumble Mimosa Driver 1g
Dollar Dose - Hibiscus - 5mg THC
[Caliva] COA Batch (Z Cube)
Product found: Royal Dab Caviar Crumble Purple Cherry Soda 1g
Day Dreamers Chocolate Hybrid 100mg
Day Dreamers Chocolate Hybrid Caramel Macchiato 100mg
Product found: Royal Dab Caviar Crumble Sour Pie 1g
Royal Dab Blue Dream Caviar Crumble 1g
Daydreamers Chocolate Indica Apricot
Daydreamers Caramel Machiatto
Summit Boys Citrus Sap Live Resin Sugar .5g
LEMON GRASS BULK FLOWER
BRUCE BANNER BULK
Pineapple Upside Down Cake GFPUC051120 Buds
KOKO Kush
2020-09-05
to update: 0
yesterday= 2020-09-03today= 2020-09-04
&lastModifiedStart=2020-09-03T06:30:00Z&lastModifiedEnd=2020-09-04T06:30:00Z
52
Royal Dab Banana Pudding Crumble 1g
Royal Dab Sugar Mint Crumble 1g
Royal Dab Tropicana OG Crumble 1g
0048 flower
SQUOOKIE-Lemon Drop
CANNABUTTER-1000mg
TREAT-Fruity
TREAT-Rocky Road
TREAT-Fruity
Dollar Dose - Watermelon - 5mg THC
Daydreamers Chocolate Sativa
The Oz Wedding Crasher Crumble 1g
Royal Dab GG4 Live Resin Sugar 1g
Dollar Dose - Rootbeer - 5mg THC
TREAT-Berry Crunch
TREAT-Cookies & Cream
TREAT-Rocky Road
MUNCHIES-Ranch Crackers
MUNCHIES-Sriracha Crackers
SPECIAL EDITION-Maui Waui Treat
Northern Nights - Kanebes 0.8g preroll
OG Express - Kanebes 0.8g preroll
Tropicana Haze - Kanebes 0.8g preroll
SPECIAL EDITION-Maui Waui Treat
MUNCHIES-Caramel Corn
TREAT-Classic
MUNCHIES-Chile Lime Crackers
MUNCHIES-Muddy Buddies
MUNCHIES-Chile Lime Crackers
Product found: Royal Dab Sugar Mendo Breath 1g
Product found: Royal Dab Sugar Trifi 1g
Daydreamers Chocolate CBD
Royal Dab Slurri Crasher Caviar Crumble 1g
MUNCHIES-Caramel Corn
Royal Dab Kush Cake Sugar 1g
Royal Dab Blue Z Girls Sugar 1g
Product found: Royal Dab Caviar Crumble Banana Shock 1g
Product found: Royal Dab Caviar Crumble Purple Cherry Soda 1g
Royal Dab OG Kush Caviar Crumble 1g
The Oz Wonka Bars Shatter 1g
The Oz Granimals Shatter 1g
The Oz Pineapple Breath Yellow Crumble 1g
Royal Dab Caviar Crumble AK Cookies 1g
SPECIAL EDITION-Peanut Butter Treat
Daydreamers Chocolate Hybrid
Dollar Dose Apple Lozenge 5mg
Heavenly Sweet Edibles Rocky Road Treat 100mg
The Oz Hybrid Dread Bread Shatter 1g
Royal Dab Strawberry Banana Live Resin Sugar 1g
Summit Boys Pacific Gas Live Resin Caviar Sauce 0.5g
Summit Boys Ice Cream Cake Caviar Crumble 1g
OZ Pre-Roll Mixed Crumble
2020-09-05
to update: 0
yesterday= 2020-09-02today= 2020-09-03
&lastModifiedStart=2020-09-02T06:30:00Z&lastModifiedEnd=2020-09-03T06:30:00Z
24
CANNABUTTER-2000mg
TREAT-Cookies & Cream
CANNABUTTER-2000mg
Heavenly Sweet Edible Maui Waui Treat 100mg
Chocolate Crumble
Royal Dab Holy Grail Sugar 1g
Royal Dab Red Dragon Sugar 1g
Hazy Hazelnut
Cosmic Berry Crunch
0051 flower
Dollar Dose - Watermelon - 5mg THC
SPECIAL EDITION-Peanut Butter Treat
PLATINUM FIELDS FLOWER
101 - Artisan Flower - Chem Dawg
The Oz Hybrid Grape Pie Shatter 1g
Hazy Hazelnut
The Oz Lemon OG x Banana Zkittlez Yellow Crumble 1g
Product found: S - Dollar Dose - lozenge - Indica Rootbeer - 5mg
Apple Lozenge
Snickerdoodle Rice Krispy
Ice Cream Cake Crumble
Extra Toasted Coconut
Wedding Cake flowers
sundae driver
2020-09-05
to update: 0
yesterday= 2020-09-01today= 2020-09-02
&lastModifiedStart=2020-09-01T06:30:00Z&lastModifiedEnd=2020-09-02T06:30:00Z
11
TREAT-Cookies & Cream
Daydreamers Chocolate Indica
TREAT-Berry Crunch
SQUOOKIE-Salted Caramel
shatter - Super Glue - 1g
Product found: Royal Dab Caviar Crumble Jelly Cake 1g
Liquid Dreams Syringe - Indica (1.0mL/ .035Oz)
The Oz Dr.Sherb Yellow Crumble 1g (Packaged)
MUNCHIES-Caramel Corn
MUNCHIES-Sriracha Crackers
Daydreamers Chocolate Single Sativa Blueberry
2020-09-05
to update: 0
yesterday= 2020-08-31today= 2020-09-01
&lastModifiedStart=2020-08-31T06:30:00Z&lastModifiedEnd=2020-09-01T06:30:00Z
40
Product found: Heavenly Sweet Edible Squookie Salted Caramel 100mg THC
Dollar Dose - Fruit Punch - 10mg THC
Royal Dab Kush Cake Caviar Sugar 1g
Royal Dab Kush Cake Sugar Sauce 1g
Royal Dab Paradise Citrus Caviar Sugar 1g
SQUOOKIE-Salted Caramel
SPECIAL EDITION-Peanut Butter Treat
SPECIAL EDITION-Fall to Pieces Treat
420 BAR-Cookies & Cream
420 BAR-Milk Chocolate Crunch
CANNABUTTER-1000mg
SQUOOKIE-Lemon Drop
MUNCHIES-Chile Lime Crackers
MUNCHIES-Lemon Buddies
SQUOOKIE-Salted Caramel
MUNCHIES-Sriracha Crackers
Dollar Dose - Rootbeer - 5mg THC
Royal Dab Caviar Crumble Obamas Breath 1g
Product found: Royal Dab Caviar Crumble Dr. Sherb 1g
Product found: Kanebes Hybrid Flower Bruce Banner 3.5g
MUNCHIES-Ranch Crackers
Royal Dab Banana OG Diamonds 1g
Day Dreamers Chocolate CBD 1:1 100mg
Product found: Royal Dab Caviar Crumble Cream Soda 1g
Product found: Royal Dab Caviar Crumble Ice Cream Sundae 1g
Product found: Royal Dab Caviar Sugar SFV OG 1g
Product found: Heavenly Sweet Edible Squookie Salted Caramel 100mg THC
CBDollar Dose-40 mg CBD-Ginger Lemon
SQUOOKIE-Chocolate Chip
Daydreamers Chocolate Sativa
MUNCHIES-Lemon Buddies
Product found: Royal Dab Caviar Crumble Doc OG 1g
Product found: Royal Dab Caviar Crumble Dr. Sherb 1g
Royal Dab Caviar Crumble Obamas Breath 1g
Product found: Royal Dab Caviar Crumble Purple Cherry Soda 1g
Dread Bread - Shatter
Ice Cream Cake x Sherbert Crumble
SQUOOKIE-Salted Caramel
Summit Boys Lemon Meringue Caviar Crumble 1g
Heavenly Sweet Edible Treats Classic 100mg THC - Beginning Inventory
2020-09-05
to update: 0
yesterday= 2020-08-30today= 2020-08-31
&lastModifiedStart=2020-08-30T06:30:00Z&lastModifiedEnd=2020-08-31T06:30:00Z
1
Royal Dab Vanilla Frosting Caviar Crumble 1g
2020-09-05
to update: 0
yesterday= 2020-08-29today= 2020-08-30
&lastModifiedStart=2020-08-29T06:30:00Z&lastModifiedEnd=2020-08-30T06:30:00Z
0

   Ripcord_TransportException 

  Could not access https://ozinc-production.odoo.com/xmlrpc/2/common

  at vendor/edujugon/laradoo/src/ripcord/ripcord_client.php:488
    484| 		$result  = @file_get_contents( $url, false, $context );
    485| 
    486| 		if ( !$result )
    487| 		{
  > 488| 			throw new Ripcord_TransportException( 'Could not access ' . $url, 
    489| 				ripcord::cannotAccessURL );
    490| 		}
    491| 
    492| 		$this->responseHeaders = $http_response_header;

      [2m+3 vendor frames [22m
  4   app/Console/Commands/metrc_package.php:141
      Edujugon\Laradoo\Odoo::connect()

  5   app/Console/Commands/metrc_package.php:124
      App\Console\Commands\metrc_package::update_odoo()
yesterday= 2020-09-05today= 2020-09-06
&lastModifiedStart=2020-09-05T06:30:00Z&lastModifiedEnd=2020-09-06T06:30:00Z
0
2020-09-06
to update: 0
yesterday= 2020-09-04today= 2020-09-05
&lastModifiedStart=2020-09-04T06:30:00Z&lastModifiedEnd=2020-09-05T06:30:00Z
35
Dollar Dose - Watermelon - 5mg THC
Dollar Dose - Apple - 5mg THC
Dollar Dose - Hibiscus - 5mg THC
Dollar Dose - Rootbeer - 5mg THC
CBDollar Dose-40 mg CBD-Ginger Lemon
CBDollar Dose-40 mg CBD-Ginger Lemon
Dollar Dose - Fruit Punch - 10mg THC
TREAT-Cookies & Cream
TREAT-Fruity
TREAT-Berry Crunch
Qa Lot Source - True OG - Flower
Mimosa
Daydreamers Chocolate Sativa
TREAT-Classic
Fatso - Flower (A's)
Royal Dab Tropical Punch 1g
Jack Herer Flower
Blue Dream Flower
CANNABUTTER-1000mg
MUNCHIES-Muddy Buddies
Product found: Royal Dab Caviar Crumble Mimosa Driver 1g
Dollar Dose - Hibiscus - 5mg THC
[Caliva] COA Batch (Z Cube)
Product found: Royal Dab Caviar Crumble Purple Cherry Soda 1g
Day Dreamers Chocolate Hybrid 100mg
Day Dreamers Chocolate Hybrid Caramel Macchiato 100mg
Product found: Royal Dab Caviar Crumble Sour Pie 1g
Royal Dab Blue Dream Caviar Crumble 1g
Daydreamers Chocolate Indica Apricot
Daydreamers Caramel Machiatto
Summit Boys Citrus Sap Live Resin Sugar .5g
LEMON GRASS BULK FLOWER
BRUCE BANNER BULK
Pineapple Upside Down Cake GFPUC051120 Buds
KOKO Kush
2020-09-06
to update: 0
yesterday= 2020-09-03today= 2020-09-04
&lastModifiedStart=2020-09-03T06:30:00Z&lastModifiedEnd=2020-09-04T06:30:00Z
52
Royal Dab Banana Pudding Crumble 1g
Royal Dab Sugar Mint Crumble 1g
Royal Dab Tropicana OG Crumble 1g
0048 flower
SQUOOKIE-Lemon Drop
CANNABUTTER-1000mg
TREAT-Fruity
TREAT-Rocky Road
TREAT-Fruity
Dollar Dose - Watermelon - 5mg THC
Daydreamers Chocolate Sativa
The Oz Wedding Crasher Crumble 1g
Royal Dab GG4 Live Resin Sugar 1g
Dollar Dose - Rootbeer - 5mg THC
TREAT-Berry Crunch
TREAT-Cookies & Cream
TREAT-Rocky Road
MUNCHIES-Ranch Crackers
MUNCHIES-Sriracha Crackers
SPECIAL EDITION-Maui Waui Treat
Northern Nights - Kanebes 0.8g preroll
OG Express - Kanebes 0.8g preroll
Tropicana Haze - Kanebes 0.8g preroll
SPECIAL EDITION-Maui Waui Treat
MUNCHIES-Caramel Corn
TREAT-Classic
MUNCHIES-Chile Lime Crackers
MUNCHIES-Muddy Buddies
MUNCHIES-Chile Lime Crackers
Product found: Royal Dab Sugar Mendo Breath 1g
Product found: Royal Dab Sugar Trifi 1g
Daydreamers Chocolate CBD
Royal Dab Slurri Crasher Caviar Crumble 1g
MUNCHIES-Caramel Corn
Royal Dab Kush Cake Sugar 1g
Royal Dab Blue Z Girls Sugar 1g
Product found: Royal Dab Caviar Crumble Banana Shock 1g
Product found: Royal Dab Caviar Crumble Purple Cherry Soda 1g
Royal Dab OG Kush Caviar Crumble 1g
The Oz Wonka Bars Shatter 1g
The Oz Granimals Shatter 1g
The Oz Pineapple Breath Yellow Crumble 1g
Royal Dab Caviar Crumble AK Cookies 1g
SPECIAL EDITION-Peanut Butter Treat
Daydreamers Chocolate Hybrid
Dollar Dose Apple Lozenge 5mg
Heavenly Sweet Edibles Rocky Road Treat 100mg
The Oz Hybrid Dread Bread Shatter 1g
Royal Dab Strawberry Banana Live Resin Sugar 1g
Summit Boys Pacific Gas Live Resin Caviar Sauce 0.5g
Summit Boys Ice Cream Cake Caviar Crumble 1g
OZ Pre-Roll Mixed Crumble
2020-09-06
to update: 0
yesterday= 2020-09-02today= 2020-09-03
&lastModifiedStart=2020-09-02T06:30:00Z&lastModifiedEnd=2020-09-03T06:30:00Z
24
CANNABUTTER-2000mg
TREAT-Cookies & Cream
CANNABUTTER-2000mg
Heavenly Sweet Edible Maui Waui Treat 100mg
Chocolate Crumble
Royal Dab Holy Grail Sugar 1g
Royal Dab Red Dragon Sugar 1g
Hazy Hazelnut
Cosmic Berry Crunch
0051 flower
Dollar Dose - Watermelon - 5mg THC
SPECIAL EDITION-Peanut Butter Treat
PLATINUM FIELDS FLOWER
101 - Artisan Flower - Chem Dawg
The Oz Hybrid Grape Pie Shatter 1g
Hazy Hazelnut
The Oz Lemon OG x Banana Zkittlez Yellow Crumble 1g
Product found: S - Dollar Dose - lozenge - Indica Rootbeer - 5mg
Apple Lozenge
Snickerdoodle Rice Krispy
Ice Cream Cake Crumble
Extra Toasted Coconut
Wedding Cake flowers
sundae driver
2020-09-06
to update: 0
yesterday= 2020-09-01today= 2020-09-02
&lastModifiedStart=2020-09-01T06:30:00Z&lastModifiedEnd=2020-09-02T06:30:00Z
11
TREAT-Cookies & Cream
Daydreamers Chocolate Indica
TREAT-Berry Crunch
SQUOOKIE-Salted Caramel
shatter - Super Glue - 1g
Product found: Royal Dab Caviar Crumble Jelly Cake 1g
Liquid Dreams Syringe - Indica (1.0mL/ .035Oz)
The Oz Dr.Sherb Yellow Crumble 1g (Packaged)
MUNCHIES-Caramel Corn
MUNCHIES-Sriracha Crackers
Daydreamers Chocolate Single Sativa Blueberry
2020-09-06
to update: 0
yesterday= 2020-08-31today= 2020-09-01
&lastModifiedStart=2020-08-31T06:30:00Z&lastModifiedEnd=2020-09-01T06:30:00Z
40
Product found: Heavenly Sweet Edible Squookie Salted Caramel 100mg THC
Dollar Dose - Fruit Punch - 10mg THC
Royal Dab Kush Cake Caviar Sugar 1g
Royal Dab Kush Cake Sugar Sauce 1g
Royal Dab Paradise Citrus Caviar Sugar 1g
SQUOOKIE-Salted Caramel
SPECIAL EDITION-Peanut Butter Treat
SPECIAL EDITION-Fall to Pieces Treat
420 BAR-Cookies & Cream
420 BAR-Milk Chocolate Crunch
CANNABUTTER-1000mg
SQUOOKIE-Lemon Drop
MUNCHIES-Chile Lime Crackers
MUNCHIES-Lemon Buddies
SQUOOKIE-Salted Caramel
MUNCHIES-Sriracha Crackers
Dollar Dose - Rootbeer - 5mg THC
Royal Dab Caviar Crumble Obamas Breath 1g
Product found: Royal Dab Caviar Crumble Dr. Sherb 1g
Product found: Kanebes Hybrid Flower Bruce Banner 3.5g
MUNCHIES-Ranch Crackers
Royal Dab Banana OG Diamonds 1g
Day Dreamers Chocolate CBD 1:1 100mg
Product found: Royal Dab Caviar Crumble Cream Soda 1g
Product found: Royal Dab Caviar Crumble Ice Cream Sundae 1g
Product found: Royal Dab Caviar Sugar SFV OG 1g
Product found: Heavenly Sweet Edible Squookie Salted Caramel 100mg THC
CBDollar Dose-40 mg CBD-Ginger Lemon
SQUOOKIE-Chocolate Chip
Daydreamers Chocolate Sativa
MUNCHIES-Lemon Buddies
Product found: Royal Dab Caviar Crumble Doc OG 1g
Product found: Royal Dab Caviar Crumble Dr. Sherb 1g
Royal Dab Caviar Crumble Obamas Breath 1g
Product found: Royal Dab Caviar Crumble Purple Cherry Soda 1g
Dread Bread - Shatter
Ice Cream Cake x Sherbert Crumble
SQUOOKIE-Salted Caramel
Summit Boys Lemon Meringue Caviar Crumble 1g
Heavenly Sweet Edible Treats Classic 100mg THC - Beginning Inventory
2020-09-06
to update: 0
yesterday= 2020-08-30today= 2020-08-31
&lastModifiedStart=2020-08-30T06:30:00Z&lastModifiedEnd=2020-08-31T06:30:00Z
1
Royal Dab Vanilla Frosting Caviar Crumble 1g
2020-09-06
to update: 0
yesterday= 2020-08-29today= 2020-08-30
&lastModifiedStart=2020-08-29T06:30:00Z&lastModifiedEnd=2020-08-30T06:30:00Z
0
2020-09-06
to update: 0
yesterday= 2020-08-28today= 2020-08-29
&lastModifiedStart=2020-08-28T06:30:00Z&lastModifiedEnd=2020-08-29T06:30:00Z
16
Mixed Trim Pre- Roll Material Sativa
Mixed Trim Pre-Roll Material Hybrid
Mixed Trim Pre-Roll Material Indica
Mixed Trim Pre- Roll Material Sativa
0030 flower
Flower - Loompas - (g)
LEMON GRASS BULK FLOWER
Goldenseed Iced Lemonade Flower Bulk
MUNCHIES-Lemon Buddies
CBDollar Dose-40 mg CBD-Ginger Lemon
Bulk Flower - Kush Cake - (g)
0050 flower
Gas Pedal OG
Gelato | Smalls - EF
SPK flowers b
Sundae Driver flowers b
2020-09-06
to update: 0
yesterday= 2020-08-27today= 2020-08-28
&lastModifiedStart=2020-08-27T06:30:00Z&lastModifiedEnd=2020-08-28T06:30:00Z
16
TREAT-Rocky Road
Mendo Breath Bulk Flower
Dollar Dose - Rootbeer - 5mg THC
Northern Nights - biomass
OG Express - biomass
Tropicana Haze - biomass
GELITO FLOWER
Daydreamers Chocolate Sativa BlueBerry
SFV OG - smalls
Goldenseed Mendo Breath Leaf Bulk
Sour Tangie JDST040420 Buds
Trifi Cookies Bulk Flower
Dosi x Punch small flowers
Wholesale - Flower - Napali Pink
Product found: blue dream
Kanebes Indica Flower Blackberry Kush
2020-09-06
to update: 0
yesterday= 2020-08-26today= 2020-08-27
&lastModifiedStart=2020-08-26T06:30:00Z&lastModifiedEnd=2020-08-27T06:30:00Z
8
MUNCHIES-Chile Lime Crackers
MUNCHIES-Caramel Corn
SQUOOKIE-Salted Caramel
SQUOOKIE-Chocolate Chip
CBDollar Dose - 15mg CBD - Cinnamon
Product found: Royal Dab Caviar Crumble Banana Shock 1g
Summit Boys Citrus Sap Live Resin Sugar .5g
Sundae Driver BMSD082819 Buds
2020-09-06
to update: 0
yesterday= 2020-08-25today= 2020-08-26
&lastModifiedStart=2020-08-25T06:30:00Z&lastModifiedEnd=2020-08-26T06:30:00Z
20
Product found: Royal Tree Indica Flower Mendo Breath 3.5g
Product found: Royal Tree Hybrid Flower Tangimal 3.5g
Dollar Dose Apple Lozenge 5mg
Dollar Dose Watermelon Lozenge 5mg
Product found: Royal Dab Sugar Trifi 1g
Product found: Royal Dab Caviar Crumble Doc OG 1g
Royal Dab Blue Z Girls Sugar 1g
Product found: Royal Dab Caviar Sugar SFV OG 1g
Product found: Royal Dab Sugar Mendo Breath 1g
Product found: Royal Dab Caviar Crumble Banana Shock 1g
Product found: Royal Dab Caviar Crumble Jelly Cake 1g
Product found: Royal Dab Caviar Crumble Purple Cherry Soda 1g
Royal Dab OG Kush Caviar Crumble 1g
Product found: Royal Dab Caviar Crumble Sour Pie 1g
Product found: Royal Dab Caviar Crumble Mimosa Driver 1g
MUNCHIES-Chile Lime Crackers
CANNABUTTER-2000mg
MUNCHIES-Ranch Crackers
BLUE DYNASTY FLOWER
SQUOOKIE-Salted Caramel
2020-09-06
to update: 0
yesterday= 2020-08-24today= 2020-08-25
&lastModifiedStart=2020-08-24T06:30:00Z&lastModifiedEnd=2020-08-25T06:30:00Z
8
Heavenly Sweet Fruity Treat 100mg
Extra Toasted Coconut
Dollar Dose - Apple - 5mg THC
0051 flower
Daydreamers Chocolate CBD Mint
Dollar Dose - Apple - 5mg THC
SQUOOKIE-Lemon Drop
Royal Dab Doc Og Caviar Crumble 1g
2020-09-06
to update: 0
yesterday= 2020-08-23today= 2020-08-24
&lastModifiedStart=2020-08-23T06:30:00Z&lastModifiedEnd=2020-08-24T06:30:00Z
0
2020-09-06
to update: 0
yesterday= 2020-08-22today= 2020-08-23
&lastModifiedStart=2020-08-22T06:30:00Z&lastModifiedEnd=2020-08-23T06:30:00Z
0
2020-09-06
to update: 0
yesterday= 2020-08-21today= 2020-08-22
&lastModifiedStart=2020-08-21T06:30:00Z&lastModifiedEnd=2020-08-22T06:30:00Z
5
Chocolate Crumble
Goldenseed Iced Lemonade Leaf Bulk
TREAT-Fruity
The Oz Indica Sherbert Crumble 1g
Royal Dab Super Glue x Greenline Cookies Caviar Crumble 1g
2020-09-06
to update: 0
yesterday= 2020-08-20today= 2020-08-21
&lastModifiedStart=2020-08-20T06:30:00Z&lastModifiedEnd=2020-08-21T06:30:00Z
4
Goldenseed Dosido Leaf Bulk
Product found: Royal Dab Caviar Crumble Doc OG 1g
Royal Dab Mac 1 Caviar Sugar 1g
Product found: Royal Dab Caviar Sugar Kosher Kush 1g
2020-09-06
to update: 0
yesterday= 2020-08-19today= 2020-08-20
&lastModifiedStart=2020-08-19T06:30:00Z&lastModifiedEnd=2020-08-20T06:30:00Z
4
The Oz Doc Og Crumble 1g
Goldenseed Blue City Diesel Leaf Bulk
Goldenseed Garanimals Leaf Bulk
Royal Dab Caviar Sugar Zkittles 1g
2020-09-06
to update: 0
yesterday= 2020-08-18today= 2020-08-19
&lastModifiedStart=2020-08-18T06:30:00Z&lastModifiedEnd=2020-08-19T06:30:00Z
11
S - Royal Dab Sugar Mendo Breath 1g
Dollar Dose - Fruit Punch - 10mg THC
Dollar Dose - Watermelon - 5mg THC
Liquid Dreams Indica 25mg - 4 Pk
Liquid Dreams Sativa 25mg - 4 Pk
Liquid Dreams Indica 50mg - 4 Pk
Liquid Dreams Sativa 50mg - 4 Pk
Dollar Dose - Apple - 5mg THC
MUNCHIES-Caramel Corn
MUNCHIES-Ranch Crackers
Dollar Dose - Watermelon - 5mg THC
2020-09-06
to update: 0
yesterday= 2020-08-17today= 2020-08-18
&lastModifiedStart=2020-08-17T06:30:00Z&lastModifiedEnd=2020-08-18T06:30:00Z
5
Dollar Dose - Watermelon - 5mg THC
Dollar Dose - Hibiscus - 5mg THC
Daydreamers Chocolate Sativa
Chocolate Crumble
SQUOOKIE-Salted Caramel
2020-09-06
to update: 0
yesterday= 2020-08-16today= 2020-08-17
&lastModifiedStart=2020-08-16T06:30:00Z&lastModifiedEnd=2020-08-17T06:30:00Z
0
2020-09-06
to update: 0
yesterday= 2020-08-15today= 2020-08-16
&lastModifiedStart=2020-08-15T06:30:00Z&lastModifiedEnd=2020-08-16T06:30:00Z
0
2020-09-06
to update: 0
yesterday= 2020-08-14today= 2020-08-15
&lastModifiedStart=2020-08-14T06:30:00Z&lastModifiedEnd=2020-08-15T06:30:00Z
1
Daydreamers Chocolate CBD Rich
2020-09-06
to update: 0
yesterday= 2020-08-13today= 2020-08-14
&lastModifiedStart=2020-08-13T06:30:00Z&lastModifiedEnd=2020-08-14T06:30:00Z
6
Goldenseed Iced Lemonade Leaf Bulk
Daydreamers Chocolate Sativa BlueBerry
Heavenly Sweet Edibles Cookies & Cream Treat 100mg
Goldenseed Iced Lemonade Leaf Bulk
Daydreamers Chocolate Indica Apricot
Summit Boys Citrus Sap Live Resin Sugar .5g
2020-09-06
to update: 0
yesterday= 2020-08-12today= 2020-08-13
&lastModifiedStart=2020-08-12T06:30:00Z&lastModifiedEnd=2020-08-13T06:30:00Z
11
Hazy Hazelnut
Cosmic Berry Crunch
0030 flower
MUNCHIES-Lemon Buddies
Apple Lozenge
Product found: Heavenly Sweet Edible Squookie Lemon Drop 100mg THC
SPECIAL EDITION-Peanut Butter Treat
CBDollar Dose - 15mg CBD - Mint Eucalyptus
Daydreamers Chocolate CBD Rich
Indica Pre-Roll
Summit Boys Ice Cream Cake Caviar Crumble 1g
2020-09-06
to update: 0
yesterday= 2020-08-11today= 2020-08-12
&lastModifiedStart=2020-08-11T06:30:00Z&lastModifiedEnd=2020-08-12T06:30:00Z
9
Heavenly Sweet Cannabutter 1000mg THC
Heavenly Sweet Edibles Cannabutter 2000mg THC
TREAT-Cookies & Cream
Daydreamers Chocolate CBD Mint
Summit Boys Clementine Cavair Crumble 1g
Daydreamers Chocolate Hybrid CMacchiato
MUNCHIES-Sriracha Crackers
Chocolate Crumble
Cosmic Berry Crunch
2020-09-06
to update: 0
yesterday= 2020-08-10today= 2020-08-11
&lastModifiedStart=2020-08-10T06:30:00Z&lastModifiedEnd=2020-08-11T06:30:00Z
13
S - Royal Dab Zkittles Caviar Sugar 1g
SQUOOKIE-Lemon Drop
CANNABUTTER-1000mg
Product found: Royal Dab Caviar Sugar Mac 1 1g
Product found: Royal Dab Caviar Sugar Kosher Kush 1g
Product found: Royal Dab Caviar Sugar Scotts OG 1g
Royal Dab OG Brulee Caviar Suagr 1g
TREAT-Rocky Road
Cosmic Berry Crunch
Heavenly Sweet Edibles Rocky Road Treat 100mg
Snickerdoodle - Snickerdoole
Chocolate Crumble Edible Each
Summit Boys Citrus Sap Live Resin Sugar .5g
2020-09-06
to update: 0
yesterday= 2020-08-09today= 2020-08-10
&lastModifiedStart=2020-08-09T06:30:00Z&lastModifiedEnd=2020-08-10T06:30:00Z
0
2020-09-06
to update: 0
yesterday= 2020-08-08today= 2020-08-09
&lastModifiedStart=2020-08-08T06:30:00Z&lastModifiedEnd=2020-08-09T06:30:00Z
0
2020-09-06
to update: 0
yesterday= 2020-08-07today= 2020-08-08
&lastModifiedStart=2020-08-07T06:30:00Z&lastModifiedEnd=2020-08-08T06:30:00Z
14
TREAT-Fruity
MUNCHIES-Sriracha Crackers
Dollar Dose - Fruit Punch - 10mg THC
S - Royal Dab Zkittles Caviar Sugar 1g
Chocolate Crumble
Royal Dab Lemon Cake Caviar Crumble 1g
Royal Dab Caviar Crumble Obamas Breath 1g
Product found: Royal Dab Caviar Sugar OG Brulee 1g
Heavenly Sweet Edibles Cannabutter 2000mg THC
Product found: Royal Dab Caviar Crumble Purple Cherry Soda 1g
Product found: Royal Dab Caviar Sugar Watermelon OG 1g
Product found: The Oz Crumble Yellow Super Glue X Greenline Cookies 1g
MUNCHIES-Sriracha Crackers
Dreamers Edible Chocolate Apricot Indica 100mg - Beginning Inventory
2020-09-06
to update: 0
yesterday= 2020-08-06today= 2020-08-07
&lastModifiedStart=2020-08-06T06:30:00Z&lastModifiedEnd=2020-08-07T06:30:00Z
1
Mantra - Green Apple/Grape
2020-09-06
to update: 0
yesterday= 2020-08-05today= 2020-08-06
&lastModifiedStart=2020-08-05T06:30:00Z&lastModifiedEnd=2020-08-06T06:30:00Z
12
S - Royal Tree Hybrid Flower Tangimal 3.5g
Product found: Kanebes Indica Flower Forbidden Fruit 3.5g
Product found: Kanebes Hybrid Flower Lemon Grass 3.5g
MUNCHIES-Lemon Buddies
Product found: Heavenly Sweet Edible Squookie Lemon Drop 100mg THC
CANNABUTTER-2000mg
Goldenseed MAC #1 Leaf Bulk
Daydreamers Chocolate Sativa BlueBerry
Daydreamers Chocolate Hybrid CMacchiato
MUNCHIES-Lemon Buddies
Daydreamers Chocolate Indica Apricot
MUNCHIES-Lemon Buddies
2020-09-06
to update: 0
yesterday= 2020-08-04today= 2020-08-05
&lastModifiedStart=2020-08-04T06:30:00Z&lastModifiedEnd=2020-08-05T06:30:00Z
5
Royal Dab Trifi Sugar 1g
MUNCHIES-Muddy Buddies
MUNCHIES-Ranch Crackers
Royal Bud Indica Pineapple Upside Down Cake 3.5g
102 - Premium Flower - Forbidden Fruit
2020-09-06
to update: 0
yesterday= 2020-08-03today= 2020-08-04
&lastModifiedStart=2020-08-03T06:30:00Z&lastModifiedEnd=2020-08-04T06:30:00Z
25
S - Royal Dab Caviar Crumble Mimosa Driver 1g
Product found: Royal Dab Caviar Crumble Dr. Sherb 1g
Product found: Royal Dab Caviar Crumble Mimosa Driver 1g
Product found: Royal Dab Caviar Crumble Sour Pie 1g
Dollar Dose Rootbeer Lozenge 5mg
CBDDollar Dose-40mg-CBDLemonGinger
Heavenely Sweet Edible Squookie Chocolate Chip 100mg THC
Heavenly Sweet Cannabutter 1000mg THC
Heavenly Sweet Edible Peanut Butter Treat 100mg
Heavenly Sweet Edibles Berry Crunch Treat 100mg
Heavenly Sweet Edibles Cookies & Cream Treat 100mg
Heavenly Sweet Edibles Classic Treat 100mg
Heavenly Sweet Edibles Fruity Treat 100mg
Heavenly Sweet Edibles Caramel Corn Munchies 100mg
Heavenly Sweet Munchies Lemon Buddies 100mg
Heavenly Sweet Munchies Muddy Buddies 100mg
Heavenly Sweet Munchies Sriracha Crackers 100mg
Heavenly Sweet Edibles Ranch Crackers Munchies 100mg
Heavenly Sweet Munchies Chile Lime Crackers 100mg
Royal Dab Scotts Og Caviar Sugar 1g
Summit Boys Caviar Crumble Ice Cream Sundae 1g
The Oz Crumble Incredible Hulk 1g
Product found: Kanebes Hybrid Flower Berry Kush 7g Smalls
Product found: Royal Dab Caviar Crumble Mimosa Driver 1g
Snickerdoodle - Snickerdoole
2020-09-06
to update: 0
yesterday= 2020-08-02today= 2020-08-03
&lastModifiedStart=2020-08-02T06:30:00Z&lastModifiedEnd=2020-08-03T06:30:00Z
0
2020-09-06
to update: 0
yesterday= 2020-08-01today= 2020-08-02
&lastModifiedStart=2020-08-01T06:30:00Z&lastModifiedEnd=2020-08-02T06:30:00Z
0
2020-09-06
to update: 0
yesterday= 2020-09-06today= 2020-09-07
&lastModifiedStart=2020-09-06T06:30:00Z&lastModifiedEnd=2020-09-07T06:30:00Z
0
2020-09-07
to update: 0
yesterday= 2020-09-05today= 2020-09-06
&lastModifiedStart=2020-09-05T06:30:00Z&lastModifiedEnd=2020-09-06T06:30:00Z
0
2020-09-07
to update: 0
yesterday= 2020-09-04today= 2020-09-05
&lastModifiedStart=2020-09-04T06:30:00Z&lastModifiedEnd=2020-09-05T06:30:00Z
35
Dollar Dose - Watermelon - 5mg THC
Dollar Dose - Apple - 5mg THC
Dollar Dose - Hibiscus - 5mg THC
Dollar Dose - Rootbeer - 5mg THC
CBDollar Dose-40 mg CBD-Ginger Lemon
CBDollar Dose-40 mg CBD-Ginger Lemon
Dollar Dose - Fruit Punch - 10mg THC
TREAT-Cookies & Cream
TREAT-Fruity
TREAT-Berry Crunch
Qa Lot Source - True OG - Flower
Mimosa
Daydreamers Chocolate Sativa
TREAT-Classic
Fatso - Flower (A's)
Royal Dab Tropical Punch 1g
Jack Herer Flower
Blue Dream Flower
CANNABUTTER-1000mg
MUNCHIES-Muddy Buddies
Product found: Royal Dab Caviar Crumble Mimosa Driver 1g
Dollar Dose - Hibiscus - 5mg THC
[Caliva] COA Batch (Z Cube)
Product found: Royal Dab Caviar Crumble Purple Cherry Soda 1g
Day Dreamers Chocolate Hybrid 100mg
Day Dreamers Chocolate Hybrid Caramel Macchiato 100mg
Product found: Royal Dab Caviar Crumble Sour Pie 1g
Royal Dab Blue Dream Caviar Crumble 1g
Daydreamers Chocolate Indica Apricot
Daydreamers Caramel Machiatto
Summit Boys Citrus Sap Live Resin Sugar .5g
LEMON GRASS BULK FLOWER
BRUCE BANNER BULK
Pineapple Upside Down Cake GFPUC051120 Buds
KOKO Kush
2020-09-07
to update: 0
yesterday= 2020-09-03today= 2020-09-04
&lastModifiedStart=2020-09-03T06:30:00Z&lastModifiedEnd=2020-09-04T06:30:00Z
52
Royal Dab Banana Pudding Crumble 1g
Royal Dab Sugar Mint Crumble 1g
Royal Dab Tropicana OG Crumble 1g
0048 flower
SQUOOKIE-Lemon Drop
CANNABUTTER-1000mg
TREAT-Fruity
TREAT-Rocky Road
TREAT-Fruity
Dollar Dose - Watermelon - 5mg THC
Daydreamers Chocolate Sativa
The Oz Wedding Crasher Crumble 1g
Royal Dab GG4 Live Resin Sugar 1g
Dollar Dose - Rootbeer - 5mg THC
TREAT-Berry Crunch
TREAT-Cookies & Cream
TREAT-Rocky Road
MUNCHIES-Ranch Crackers
MUNCHIES-Sriracha Crackers
SPECIAL EDITION-Maui Waui Treat
Northern Nights - Kanebes 0.8g preroll
OG Express - Kanebes 0.8g preroll
Tropicana Haze - Kanebes 0.8g preroll
SPECIAL EDITION-Maui Waui Treat
MUNCHIES-Caramel Corn
TREAT-Classic
MUNCHIES-Chile Lime Crackers
MUNCHIES-Muddy Buddies
MUNCHIES-Chile Lime Crackers
Product found: Royal Dab Sugar Mendo Breath 1g
Product found: Royal Dab Sugar Trifi 1g
Daydreamers Chocolate CBD
Royal Dab Slurri Crasher Caviar Crumble 1g
MUNCHIES-Caramel Corn
Royal Dab Kush Cake Sugar 1g
Royal Dab Blue Z Girls Sugar 1g
Product found: Royal Dab Caviar Crumble Banana Shock 1g
Product found: Royal Dab Caviar Crumble Purple Cherry Soda 1g
Royal Dab OG Kush Caviar Crumble 1g
The Oz Wonka Bars Shatter 1g
The Oz Granimals Shatter 1g
The Oz Pineapple Breath Yellow Crumble 1g
Royal Dab Caviar Crumble AK Cookies 1g
SPECIAL EDITION-Peanut Butter Treat
Daydreamers Chocolate Hybrid
Dollar Dose Apple Lozenge 5mg
Heavenly Sweet Edibles Rocky Road Treat 100mg
The Oz Hybrid Dread Bread Shatter 1g
Royal Dab Strawberry Banana Live Resin Sugar 1g
Summit Boys Pacific Gas Live Resin Caviar Sauce 0.5g
Summit Boys Ice Cream Cake Caviar Crumble 1g
OZ Pre-Roll Mixed Crumble
2020-09-07
to update: 0
yesterday= 2020-09-02today= 2020-09-03
&lastModifiedStart=2020-09-02T06:30:00Z&lastModifiedEnd=2020-09-03T06:30:00Z
24
CANNABUTTER-2000mg
TREAT-Cookies & Cream
CANNABUTTER-2000mg
Heavenly Sweet Edible Maui Waui Treat 100mg
Chocolate Crumble
Royal Dab Holy Grail Sugar 1g
Royal Dab Red Dragon Sugar 1g
Hazy Hazelnut
Cosmic Berry Crunch
0051 flower
Dollar Dose - Watermelon - 5mg THC
SPECIAL EDITION-Peanut Butter Treat
PLATINUM FIELDS FLOWER
101 - Artisan Flower - Chem Dawg
The Oz Hybrid Grape Pie Shatter 1g
Hazy Hazelnut
The Oz Lemon OG x Banana Zkittlez Yellow Crumble 1g
Product found: S - Dollar Dose - lozenge - Indica Rootbeer - 5mg
Apple Lozenge
Snickerdoodle Rice Krispy
Ice Cream Cake Crumble
Extra Toasted Coconut
Wedding Cake flowers
sundae driver
2020-09-07
to update: 0
yesterday= 2020-09-01today= 2020-09-02
&lastModifiedStart=2020-09-01T06:30:00Z&lastModifiedEnd=2020-09-02T06:30:00Z
11
TREAT-Cookies & Cream
Daydreamers Chocolate Indica
TREAT-Berry Crunch
SQUOOKIE-Salted Caramel
shatter - Super Glue - 1g
Product found: Royal Dab Caviar Crumble Jelly Cake 1g
Liquid Dreams Syringe - Indica (1.0mL/ .035Oz)
The Oz Dr.Sherb Yellow Crumble 1g (Packaged)
MUNCHIES-Caramel Corn
MUNCHIES-Sriracha Crackers
Daydreamers Chocolate Single Sativa Blueberry
2020-09-07
to update: 0
yesterday= 2020-08-31today= 2020-09-01
&lastModifiedStart=2020-08-31T06:30:00Z&lastModifiedEnd=2020-09-01T06:30:00Z
40
Product found: Heavenly Sweet Edible Squookie Salted Caramel 100mg THC
Dollar Dose - Fruit Punch - 10mg THC
Royal Dab Kush Cake Caviar Sugar 1g
Royal Dab Kush Cake Sugar Sauce 1g
Royal Dab Paradise Citrus Caviar Sugar 1g
SQUOOKIE-Salted Caramel
SPECIAL EDITION-Peanut Butter Treat
SPECIAL EDITION-Fall to Pieces Treat
420 BAR-Cookies & Cream
420 BAR-Milk Chocolate Crunch
CANNABUTTER-1000mg
SQUOOKIE-Lemon Drop
MUNCHIES-Chile Lime Crackers
MUNCHIES-Lemon Buddies
SQUOOKIE-Salted Caramel
MUNCHIES-Sriracha Crackers
Dollar Dose - Rootbeer - 5mg THC
Royal Dab Caviar Crumble Obamas Breath 1g
Product found: Royal Dab Caviar Crumble Dr. Sherb 1g
Product found: Kanebes Hybrid Flower Bruce Banner 3.5g
MUNCHIES-Ranch Crackers
Royal Dab Banana OG Diamonds 1g
Day Dreamers Chocolate CBD 1:1 100mg
Product found: Royal Dab Caviar Crumble Cream Soda 1g
Product found: Royal Dab Caviar Crumble Ice Cream Sundae 1g
Product found: Royal Dab Caviar Sugar SFV OG 1g
Product found: Heavenly Sweet Edible Squookie Salted Caramel 100mg THC
CBDollar Dose-40 mg CBD-Ginger Lemon
SQUOOKIE-Chocolate Chip
Daydreamers Chocolate Sativa
MUNCHIES-Lemon Buddies
Product found: Royal Dab Caviar Crumble Doc OG 1g
Product found: Royal Dab Caviar Crumble Dr. Sherb 1g
Royal Dab Caviar Crumble Obamas Breath 1g
Product found: Royal Dab Caviar Crumble Purple Cherry Soda 1g
Dread Bread - Shatter
Ice Cream Cake x Sherbert Crumble
SQUOOKIE-Salted Caramel
Summit Boys Lemon Meringue Caviar Crumble 1g
Heavenly Sweet Edible Treats Classic 100mg THC - Beginning Inventory
2020-09-07
to update: 0
yesterday= 2020-08-30today= 2020-08-31
&lastModifiedStart=2020-08-30T06:30:00Z&lastModifiedEnd=2020-08-31T06:30:00Z
1
Royal Dab Vanilla Frosting Caviar Crumble 1g
2020-09-07
to update: 0
yesterday= 2020-08-29today= 2020-08-30
&lastModifiedStart=2020-08-29T06:30:00Z&lastModifiedEnd=2020-08-30T06:30:00Z
0
2020-09-07
to update: 0
yesterday= 2020-08-28today= 2020-08-29
&lastModifiedStart=2020-08-28T06:30:00Z&lastModifiedEnd=2020-08-29T06:30:00Z
16
Mixed Trim Pre- Roll Material Sativa
Mixed Trim Pre-Roll Material Hybrid
Mixed Trim Pre-Roll Material Indica
Mixed Trim Pre- Roll Material Sativa
0030 flower
Flower - Loompas - (g)
LEMON GRASS BULK FLOWER
Goldenseed Iced Lemonade Flower Bulk
MUNCHIES-Lemon Buddies
CBDollar Dose-40 mg CBD-Ginger Lemon
Bulk Flower - Kush Cake - (g)
0050 flower
Gas Pedal OG
Gelato | Smalls - EF
SPK flowers b
Sundae Driver flowers b
2020-09-07
to update: 0
yesterday= 2020-08-27today= 2020-08-28
&lastModifiedStart=2020-08-27T06:30:00Z&lastModifiedEnd=2020-08-28T06:30:00Z
16
TREAT-Rocky Road
Mendo Breath Bulk Flower
Dollar Dose - Rootbeer - 5mg THC
Northern Nights - biomass
OG Express - biomass
Tropicana Haze - biomass
GELITO FLOWER
Daydreamers Chocolate Sativa BlueBerry
SFV OG - smalls
Goldenseed Mendo Breath Leaf Bulk
Sour Tangie JDST040420 Buds
Trifi Cookies Bulk Flower
Dosi x Punch small flowers
Wholesale - Flower - Napali Pink
Product found: blue dream
Kanebes Indica Flower Blackberry Kush
2020-09-07
to update: 0
yesterday= 2020-08-26today= 2020-08-27
&lastModifiedStart=2020-08-26T06:30:00Z&lastModifiedEnd=2020-08-27T06:30:00Z
8
MUNCHIES-Chile Lime Crackers
MUNCHIES-Caramel Corn
SQUOOKIE-Salted Caramel
SQUOOKIE-Chocolate Chip
CBDollar Dose - 15mg CBD - Cinnamon
Product found: Royal Dab Caviar Crumble Banana Shock 1g
Summit Boys Citrus Sap Live Resin Sugar .5g
Sundae Driver BMSD082819 Buds
2020-09-07
to update: 0
yesterday= 2020-08-25today= 2020-08-26
&lastModifiedStart=2020-08-25T06:30:00Z&lastModifiedEnd=2020-08-26T06:30:00Z
20
Product found: Royal Tree Indica Flower Mendo Breath 3.5g
Product found: Royal Tree Hybrid Flower Tangimal 3.5g
Dollar Dose Apple Lozenge 5mg
Dollar Dose Watermelon Lozenge 5mg
Product found: Royal Dab Sugar Trifi 1g
Product found: Royal Dab Caviar Crumble Doc OG 1g
Royal Dab Blue Z Girls Sugar 1g
Product found: Royal Dab Caviar Sugar SFV OG 1g
Product found: Royal Dab Sugar Mendo Breath 1g
Product found: Royal Dab Caviar Crumble Banana Shock 1g
Product found: Royal Dab Caviar Crumble Jelly Cake 1g
Product found: Royal Dab Caviar Crumble Purple Cherry Soda 1g
Royal Dab OG Kush Caviar Crumble 1g
Product found: Royal Dab Caviar Crumble Sour Pie 1g
Product found: Royal Dab Caviar Crumble Mimosa Driver 1g
MUNCHIES-Chile Lime Crackers
CANNABUTTER-2000mg
MUNCHIES-Ranch Crackers
BLUE DYNASTY FLOWER
SQUOOKIE-Salted Caramel
2020-09-07
to update: 0
yesterday= 2020-08-24today= 2020-08-25
&lastModifiedStart=2020-08-24T06:30:00Z&lastModifiedEnd=2020-08-25T06:30:00Z
8
Heavenly Sweet Fruity Treat 100mg
Extra Toasted Coconut
Dollar Dose - Apple - 5mg THC
0051 flower
Daydreamers Chocolate CBD Mint
Dollar Dose - Apple - 5mg THC
SQUOOKIE-Lemon Drop
Royal Dab Doc Og Caviar Crumble 1g
2020-09-07
to update: 0
yesterday= 2020-08-23today= 2020-08-24
&lastModifiedStart=2020-08-23T06:30:00Z&lastModifiedEnd=2020-08-24T06:30:00Z
0
2020-09-07
to update: 0
yesterday= 2020-08-22today= 2020-08-23
&lastModifiedStart=2020-08-22T06:30:00Z&lastModifiedEnd=2020-08-23T06:30:00Z
0
2020-09-07
to update: 0
yesterday= 2020-08-21today= 2020-08-22
&lastModifiedStart=2020-08-21T06:30:00Z&lastModifiedEnd=2020-08-22T06:30:00Z
5
Chocolate Crumble
Goldenseed Iced Lemonade Leaf Bulk
TREAT-Fruity
The Oz Indica Sherbert Crumble 1g
Royal Dab Super Glue x Greenline Cookies Caviar Crumble 1g
2020-09-07
to update: 0
yesterday= 2020-08-20today= 2020-08-21
&lastModifiedStart=2020-08-20T06:30:00Z&lastModifiedEnd=2020-08-21T06:30:00Z
4
Goldenseed Dosido Leaf Bulk
Product found: Royal Dab Caviar Crumble Doc OG 1g
Royal Dab Mac 1 Caviar Sugar 1g
Product found: Royal Dab Caviar Sugar Kosher Kush 1g
2020-09-07
to update: 0
yesterday= 2020-08-19today= 2020-08-20
&lastModifiedStart=2020-08-19T06:30:00Z&lastModifiedEnd=2020-08-20T06:30:00Z
4
The Oz Doc Og Crumble 1g
Goldenseed Blue City Diesel Leaf Bulk
Goldenseed Garanimals Leaf Bulk
Royal Dab Caviar Sugar Zkittles 1g

   Ripcord_TransportException 

  Could not access https://ozinc-production.odoo.com/xmlrpc/2/common

  at vendor/edujugon/laradoo/src/ripcord/ripcord_client.php:488
    484| 		$result  = @file_get_contents( $url, false, $context );
    485| 
    486| 		if ( !$result )
    487| 		{
  > 488| 			throw new Ripcord_TransportException( 'Could not access ' . $url, 
    489| 				ripcord::cannotAccessURL );
    490| 		}
    491| 
    492| 		$this->responseHeaders = $http_response_header;

      [2m+3 vendor frames [22m
  4   app/Console/Commands/metrc_package.php:141
      Edujugon\Laradoo\Odoo::connect()

  5   app/Console/Commands/metrc_package.php:124
      App\Console\Commands\metrc_package::update_odoo()
