2020-09-02

   Ripcord_TransportException 

  Could not access https://ozinc-production.odoo.com/xmlrpc/2/common

  at vendor/edujugon/laradoo/src/ripcord/ripcord_client.php:488
    484| 		$result  = @file_get_contents( $url, false, $context );
    485| 
    486| 		if ( !$result )
    487| 		{
  > 488| 			throw new Ripcord_TransportException( 'Could not access ' . $url, 
    489| 				ripcord::cannotAccessURL );
    490| 		}
    491| 
    492| 		$this->responseHeaders = $http_response_header;

      [2m+3 vendor frames [22m
  4   app/Console/Commands/getSalesLines.php:61
      Edujugon\Laradoo\Odoo::connect()

      [2m+14 vendor frames [22m
  19  artisan:37
      Illuminate\Foundation\Console\Kernel::handle(Object(Symfony\Component\Console\Input\ArgvInput), Object(Symfony\Component\Console\Output\ConsoleOutput))
2020-09-02
2020-09-02
1599066065 = 2020-09-02 17:01:05
2020-09-02
2020-09-02
1599069666 = 2020-09-02 18:01:06
2020-09-02

   Ripcord_TransportException 

  Could not access https://ozinc-production.odoo.com/xmlrpc/2/common

  at vendor/edujugon/laradoo/src/ripcord/ripcord_client.php:488
    484| 		$result  = @file_get_contents( $url, false, $context );
    485| 
    486| 		if ( !$result )
    487| 		{
  > 488| 			throw new Ripcord_TransportException( 'Could not access ' . $url, 
    489| 				ripcord::cannotAccessURL );
    490| 		}
    491| 
    492| 		$this->responseHeaders = $http_response_header;

      [2m+3 vendor frames [22m
  4   app/Console/Commands/getSalesLines.php:61
      Edujugon\Laradoo\Odoo::connect()

      [2m+14 vendor frames [22m
  19  artisan:37
      Illuminate\Foundation\Console\Kernel::handle(Object(Symfony\Component\Console\Input\ArgvInput), Object(Symfony\Component\Console\Output\ConsoleOutput))
2020-09-02
2020-09-02
1599076863 = 2020-09-02 20:01:03
2020-09-02

   Ripcord_TransportException 

  Could not access https://ozinc-production.odoo.com/xmlrpc/2/common

  at vendor/edujugon/laradoo/src/ripcord/ripcord_client.php:488
    484| 		$result  = @file_get_contents( $url, false, $context );
    485| 
    486| 		if ( !$result )
    487| 		{
  > 488| 			throw new Ripcord_TransportException( 'Could not access ' . $url, 
    489| 				ripcord::cannotAccessURL );
    490| 		}
    491| 
    492| 		$this->responseHeaders = $http_response_header;

      [2m+3 vendor frames [22m
  4   app/Console/Commands/getSalesLines.php:61
      Edujugon\Laradoo\Odoo::connect()

      [2m+14 vendor frames [22m
  19  artisan:37
      Illuminate\Foundation\Console\Kernel::handle(Object(Symfony\Component\Console\Input\ArgvInput), Object(Symfony\Component\Console\Output\ConsoleOutput))
2020-09-02
2020-09-02
1599084073 = 2020-09-02 22:01:13
2020-09-02
2020-09-02
1599087669 = 2020-09-02 23:01:09
2020-09-03
2020-09-03
1599091257 = 2020-09-03 00:00:57
2020-09-03
2020-09-03
1599094861 = 2020-09-03 01:01:01
2020-09-03

   Ripcord_TransportException 

  Could not access https://ozinc-production.odoo.com/xmlrpc/2/common

  at vendor/edujugon/laradoo/src/ripcord/ripcord_client.php:488
    484| 		$result  = @file_get_contents( $url, false, $context );
    485| 
    486| 		if ( !$result )
    487| 		{
  > 488| 			throw new Ripcord_TransportException( 'Could not access ' . $url, 
    489| 				ripcord::cannotAccessURL );
    490| 		}
    491| 
    492| 		$this->responseHeaders = $http_response_header;

      [2m+3 vendor frames [22m
  4   app/Console/Commands/getSalesLines.php:61
      Edujugon\Laradoo\Odoo::connect()

      [2m+14 vendor frames [22m
  19  artisan:37
      Illuminate\Foundation\Console\Kernel::handle(Object(Symfony\Component\Console\Input\ArgvInput), Object(Symfony\Component\Console\Output\ConsoleOutput))
2020-09-03
2020-09-03
1599102066 = 2020-09-03 03:01:06
2020-09-03
2020-09-03
1599105664 = 2020-09-03 04:01:04
2020-09-03
2020-09-03
1599109275 = 2020-09-03 05:01:15
2020-09-03
2020-09-03
1599112877 = 2020-09-03 06:01:17
2020-09-03
2020-09-03
1599116419 = 2020-09-03 07:00:19
2020-09-03
2020-09-03
1599120067 = 2020-09-03 08:01:07
2020-09-03

   Ripcord_TransportException 

  Could not access https://ozinc-production.odoo.com/xmlrpc/2/common

  at vendor/edujugon/laradoo/src/ripcord/ripcord_client.php:488
    484| 		$result  = @file_get_contents( $url, false, $context );
    485| 
    486| 		if ( !$result )
    487| 		{
  > 488| 			throw new Ripcord_TransportException( 'Could not access ' . $url, 
    489| 				ripcord::cannotAccessURL );
    490| 		}
    491| 
    492| 		$this->responseHeaders = $http_response_header;

      [2m+3 vendor frames [22m
  4   app/Console/Commands/getSalesLines.php:61
      Edujugon\Laradoo\Odoo::connect()

      [2m+14 vendor frames [22m
  19  artisan:37
      Illuminate\Foundation\Console\Kernel::handle(Object(Symfony\Component\Console\Input\ArgvInput), Object(Symfony\Component\Console\Output\ConsoleOutput))
2020-09-03
2020-09-03
1599127274 = 2020-09-03 10:01:14
2020-09-03
2020-09-03
1599130863 = 2020-09-03 11:01:03
2020-09-03
2020-09-03
1599134468 = 2020-09-03 12:01:08
2020-09-03
2020-09-03
1599138071 = 2020-09-03 13:01:11
2020-09-03
2020-09-03
1599141667 = 2020-09-03 14:01:07
2020-09-03
2020-09-03
1599145266 = 2020-09-03 15:01:06
2020-09-03

   Ripcord_TransportException 

  Could not access https://ozinc-production.odoo.com/xmlrpc/2/common

  at vendor/edujugon/laradoo/src/ripcord/ripcord_client.php:488
    484| 		$result  = @file_get_contents( $url, false, $context );
    485| 
    486| 		if ( !$result )
    487| 		{
  > 488| 			throw new Ripcord_TransportException( 'Could not access ' . $url, 
    489| 				ripcord::cannotAccessURL );
    490| 		}
    491| 
    492| 		$this->responseHeaders = $http_response_header;

      [2m+3 vendor frames [22m
  4   app/Console/Commands/getSalesLines.php:61
      Edujugon\Laradoo\Odoo::connect()

      [2m+14 vendor frames [22m
  19  artisan:37
      Illuminate\Foundation\Console\Kernel::handle(Object(Symfony\Component\Console\Input\ArgvInput), Object(Symfony\Component\Console\Output\ConsoleOutput))
2020-09-03
2020-09-03
1599152470 = 2020-09-03 17:01:10
2020-09-03
2020-09-03
1599156072 = 2020-09-03 18:01:12
2020-09-03
2020-09-03
1599159674 = 2020-09-03 19:01:14
2020-09-03

   Ripcord_TransportException 

  Could not access https://ozinc-production.odoo.com/xmlrpc/2/common

  at vendor/edujugon/laradoo/src/ripcord/ripcord_client.php:488
    484| 		$result  = @file_get_contents( $url, false, $context );
    485| 
    486| 		if ( !$result )
    487| 		{
  > 488| 			throw new Ripcord_TransportException( 'Could not access ' . $url, 
    489| 				ripcord::cannotAccessURL );
    490| 		}
    491| 
    492| 		$this->responseHeaders = $http_response_header;

      [2m+3 vendor frames [22m
  4   app/Console/Commands/getSalesLines.php:61
      Edujugon\Laradoo\Odoo::connect()

      [2m+14 vendor frames [22m
  19  artisan:37
      Illuminate\Foundation\Console\Kernel::handle(Object(Symfony\Component\Console\Input\ArgvInput), Object(Symfony\Component\Console\Output\ConsoleOutput))
2020-09-03
2020-09-03
1599166875 = 2020-09-03 21:01:15
2020-09-03
2020-09-03
1599170478 = 2020-09-03 22:01:18
2020-09-03
2020-09-03
1599174074 = 2020-09-03 23:01:14
2020-09-04
2020-09-04
1599177667 = 2020-09-04 00:01:07
2020-09-04
2020-09-04
1599181260 = 2020-09-04 01:01:00
2020-09-04

   Ripcord_TransportException 

  Could not access https://ozinc-production.odoo.com/xmlrpc/2/common

  at vendor/edujugon/laradoo/src/ripcord/ripcord_client.php:488
    484| 		$result  = @file_get_contents( $url, false, $context );
    485| 
    486| 		if ( !$result )
    487| 		{
  > 488| 			throw new Ripcord_TransportException( 'Could not access ' . $url, 
    489| 				ripcord::cannotAccessURL );
    490| 		}
    491| 
    492| 		$this->responseHeaders = $http_response_header;

      [2m+3 vendor frames [22m
  4   app/Console/Commands/getSalesLines.php:61
      Edujugon\Laradoo\Odoo::connect()

      [2m+14 vendor frames [22m
  19  artisan:37
      Illuminate\Foundation\Console\Kernel::handle(Object(Symfony\Component\Console\Input\ArgvInput), Object(Symfony\Component\Console\Output\ConsoleOutput))
2020-09-04
2020-09-04
1599188472 = 2020-09-04 03:01:12
2020-09-04
2020-09-04
1599192028 = 2020-09-04 04:00:28
2020-09-04

   Ripcord_TransportException 

  Could not access https://ozinc-production.odoo.com/xmlrpc/2/common

  at vendor/edujugon/laradoo/src/ripcord/ripcord_client.php:488
    484| 		$result  = @file_get_contents( $url, false, $context );
    485| 
    486| 		if ( !$result )
    487| 		{
  > 488| 			throw new Ripcord_TransportException( 'Could not access ' . $url, 
    489| 				ripcord::cannotAccessURL );
    490| 		}
    491| 
    492| 		$this->responseHeaders = $http_response_header;

      [2m+3 vendor frames [22m
  4   app/Console/Commands/getSalesLines.php:61
      Edujugon\Laradoo\Odoo::connect()

      [2m+14 vendor frames [22m
  19  artisan:37
      Illuminate\Foundation\Console\Kernel::handle(Object(Symfony\Component\Console\Input\ArgvInput), Object(Symfony\Component\Console\Output\ConsoleOutput))
2020-09-04
2020-09-04
1599199265 = 2020-09-04 06:01:05
2020-09-04

   Ripcord_TransportException 

  Could not access https://ozinc-production.odoo.com/xmlrpc/2/common

  at vendor/edujugon/laradoo/src/ripcord/ripcord_client.php:488
    484| 		$result  = @file_get_contents( $url, false, $context );
    485| 
    486| 		if ( !$result )
    487| 		{
  > 488| 			throw new Ripcord_TransportException( 'Could not access ' . $url, 
    489| 				ripcord::cannotAccessURL );
    490| 		}
    491| 
    492| 		$this->responseHeaders = $http_response_header;

      [2m+3 vendor frames [22m
  4   app/Console/Commands/getSalesLines.php:61
      Edujugon\Laradoo\Odoo::connect()

      [2m+14 vendor frames [22m
  19  artisan:37
      Illuminate\Foundation\Console\Kernel::handle(Object(Symfony\Component\Console\Input\ArgvInput), Object(Symfony\Component\Console\Output\ConsoleOutput))
2020-09-04

   Ripcord_TransportException 

  Could not access https://ozinc-production.odoo.com/xmlrpc/2/common

  at vendor/edujugon/laradoo/src/ripcord/ripcord_client.php:488
    484| 		$result  = @file_get_contents( $url, false, $context );
    485| 
    486| 		if ( !$result )
    487| 		{
  > 488| 			throw new Ripcord_TransportException( 'Could not access ' . $url, 
    489| 				ripcord::cannotAccessURL );
    490| 		}
    491| 
    492| 		$this->responseHeaders = $http_response_header;

      [2m+3 vendor frames [22m
  4   app/Console/Commands/getSalesLines.php:61
      Edujugon\Laradoo\Odoo::connect()

      [2m+14 vendor frames [22m
  19  artisan:37
      Illuminate\Foundation\Console\Kernel::handle(Object(Symfony\Component\Console\Input\ArgvInput), Object(Symfony\Component\Console\Output\ConsoleOutput))
2020-09-04

   Ripcord_TransportException 

  Could not access https://ozinc-production.odoo.com/xmlrpc/2/common

  at vendor/edujugon/laradoo/src/ripcord/ripcord_client.php:488
    484| 		$result  = @file_get_contents( $url, false, $context );
    485| 
    486| 		if ( !$result )
    487| 		{
  > 488| 			throw new Ripcord_TransportException( 'Could not access ' . $url, 
    489| 				ripcord::cannotAccessURL );
    490| 		}
    491| 
    492| 		$this->responseHeaders = $http_response_header;

      [2m+3 vendor frames [22m
  4   app/Console/Commands/getSalesLines.php:61
      Edujugon\Laradoo\Odoo::connect()

      [2m+14 vendor frames [22m
  19  artisan:37
      Illuminate\Foundation\Console\Kernel::handle(Object(Symfony\Component\Console\Input\ArgvInput), Object(Symfony\Component\Console\Output\ConsoleOutput))
2020-09-04
2020-09-04
1599213667 = 2020-09-04 10:01:07
2020-09-04

   Ripcord_TransportException 

  Could not access https://ozinc-production.odoo.com/xmlrpc/2/common

  at vendor/edujugon/laradoo/src/ripcord/ripcord_client.php:488
    484| 		$result  = @file_get_contents( $url, false, $context );
    485| 
    486| 		if ( !$result )
    487| 		{
  > 488| 			throw new Ripcord_TransportException( 'Could not access ' . $url, 
    489| 				ripcord::cannotAccessURL );
    490| 		}
    491| 
    492| 		$this->responseHeaders = $http_response_header;

      [2m+3 vendor frames [22m
  4   app/Console/Commands/getSalesLines.php:61
      Edujugon\Laradoo\Odoo::connect()

      [2m+14 vendor frames [22m
  19  artisan:37
      Illuminate\Foundation\Console\Kernel::handle(Object(Symfony\Component\Console\Input\ArgvInput), Object(Symfony\Component\Console\Output\ConsoleOutput))
2020-09-04
2020-09-04
1599220866 = 2020-09-04 12:01:06
2020-09-04
2020-09-04
1599224461 = 2020-09-04 13:01:01
2020-09-04

   Ripcord_TransportException 

  Could not access https://ozinc-production.odoo.com/xmlrpc/2/common

  at vendor/edujugon/laradoo/src/ripcord/ripcord_client.php:488
    484| 		$result  = @file_get_contents( $url, false, $context );
    485| 
    486| 		if ( !$result )
    487| 		{
  > 488| 			throw new Ripcord_TransportException( 'Could not access ' . $url, 
    489| 				ripcord::cannotAccessURL );
    490| 		}
    491| 
    492| 		$this->responseHeaders = $http_response_header;

      [2m+3 vendor frames [22m
  4   app/Console/Commands/getSalesLines.php:61
      Edujugon\Laradoo\Odoo::connect()

      [2m+14 vendor frames [22m
  19  artisan:37
      Illuminate\Foundation\Console\Kernel::handle(Object(Symfony\Component\Console\Input\ArgvInput), Object(Symfony\Component\Console\Output\ConsoleOutput))
2020-09-04
2020-09-04
1599231665 = 2020-09-04 15:01:05
2020-09-04

   Ripcord_TransportException 

  Could not access https://ozinc-production.odoo.com/xmlrpc/2/common

  at vendor/edujugon/laradoo/src/ripcord/ripcord_client.php:488
    484| 		$result  = @file_get_contents( $url, false, $context );
    485| 
    486| 		if ( !$result )
    487| 		{
  > 488| 			throw new Ripcord_TransportException( 'Could not access ' . $url, 
    489| 				ripcord::cannotAccessURL );
    490| 		}
    491| 
    492| 		$this->responseHeaders = $http_response_header;

      [2m+3 vendor frames [22m
  4   app/Console/Commands/getSalesLines.php:61
      Edujugon\Laradoo\Odoo::connect()

      [2m+14 vendor frames [22m
  19  artisan:37
      Illuminate\Foundation\Console\Kernel::handle(Object(Symfony\Component\Console\Input\ArgvInput), Object(Symfony\Component\Console\Output\ConsoleOutput))
2020-09-04
2020-09-04
1599238876 = 2020-09-04 17:01:16
2020-09-04
2020-09-04
1599242471 = 2020-09-04 18:01:11
2020-09-04

   Ripcord_TransportException 

  Could not access https://ozinc-production.odoo.com/xmlrpc/2/common

  at vendor/edujugon/laradoo/src/ripcord/ripcord_client.php:488
    484| 		$result  = @file_get_contents( $url, false, $context );
    485| 
    486| 		if ( !$result )
    487| 		{
  > 488| 			throw new Ripcord_TransportException( 'Could not access ' . $url, 
    489| 				ripcord::cannotAccessURL );
    490| 		}
    491| 
    492| 		$this->responseHeaders = $http_response_header;

      [2m+3 vendor frames [22m
  4   app/Console/Commands/getSalesLines.php:61
      Edujugon\Laradoo\Odoo::connect()

      [2m+14 vendor frames [22m
  19  artisan:37
      Illuminate\Foundation\Console\Kernel::handle(Object(Symfony\Component\Console\Input\ArgvInput), Object(Symfony\Component\Console\Output\ConsoleOutput))
2020-09-04
2020-09-04
1599249670 = 2020-09-04 20:01:10
2020-09-04

   Ripcord_TransportException 

  Could not access https://ozinc-production.odoo.com/xmlrpc/2/common

  at vendor/edujugon/laradoo/src/ripcord/ripcord_client.php:488
    484| 		$result  = @file_get_contents( $url, false, $context );
    485| 
    486| 		if ( !$result )
    487| 		{
  > 488| 			throw new Ripcord_TransportException( 'Could not access ' . $url, 
    489| 				ripcord::cannotAccessURL );
    490| 		}
    491| 
    492| 		$this->responseHeaders = $http_response_header;

      [2m+3 vendor frames [22m
  4   app/Console/Commands/getSalesLines.php:61
      Edujugon\Laradoo\Odoo::connect()

      [2m+14 vendor frames [22m
  19  artisan:37
      Illuminate\Foundation\Console\Kernel::handle(Object(Symfony\Component\Console\Input\ArgvInput), Object(Symfony\Component\Console\Output\ConsoleOutput))
2020-09-04
2020-09-04
1599256872 = 2020-09-04 22:01:12
2020-09-04
2020-09-04
1599260472 = 2020-09-04 23:01:12
2020-09-05

   Ripcord_TransportException 

  Could not access https://ozinc-production.odoo.com/xmlrpc/2/common

  at vendor/edujugon/laradoo/src/ripcord/ripcord_client.php:488
    484| 		$result  = @file_get_contents( $url, false, $context );
    485| 
    486| 		if ( !$result )
    487| 		{
  > 488| 			throw new Ripcord_TransportException( 'Could not access ' . $url, 
    489| 				ripcord::cannotAccessURL );
    490| 		}
    491| 
    492| 		$this->responseHeaders = $http_response_header;

      [2m+3 vendor frames [22m
  4   app/Console/Commands/getSalesLines.php:61
      Edujugon\Laradoo\Odoo::connect()

      [2m+14 vendor frames [22m
  19  artisan:37
      Illuminate\Foundation\Console\Kernel::handle(Object(Symfony\Component\Console\Input\ArgvInput), Object(Symfony\Component\Console\Output\ConsoleOutput))
2020-09-05
2020-09-05
1599267666 = 2020-09-05 01:01:06
2020-09-05

   Ripcord_TransportException 

  Could not access https://ozinc-production.odoo.com/xmlrpc/2/common

  at vendor/edujugon/laradoo/src/ripcord/ripcord_client.php:488
    484| 		$result  = @file_get_contents( $url, false, $context );
    485| 
    486| 		if ( !$result )
    487| 		{
  > 488| 			throw new Ripcord_TransportException( 'Could not access ' . $url, 
    489| 				ripcord::cannotAccessURL );
    490| 		}
    491| 
    492| 		$this->responseHeaders = $http_response_header;

      [2m+3 vendor frames [22m
  4   app/Console/Commands/getSalesLines.php:61
      Edujugon\Laradoo\Odoo::connect()

      [2m+14 vendor frames [22m
  19  artisan:37
      Illuminate\Foundation\Console\Kernel::handle(Object(Symfony\Component\Console\Input\ArgvInput), Object(Symfony\Component\Console\Output\ConsoleOutput))
2020-09-05

   Ripcord_TransportException 

  Could not access https://ozinc-production.odoo.com/xmlrpc/2/common

  at vendor/edujugon/laradoo/src/ripcord/ripcord_client.php:488
    484| 		$result  = @file_get_contents( $url, false, $context );
    485| 
    486| 		if ( !$result )
    487| 		{
  > 488| 			throw new Ripcord_TransportException( 'Could not access ' . $url, 
    489| 				ripcord::cannotAccessURL );
    490| 		}
    491| 
    492| 		$this->responseHeaders = $http_response_header;

      [2m+3 vendor frames [22m
  4   app/Console/Commands/getSalesLines.php:61
      Edujugon\Laradoo\Odoo::connect()

      [2m+14 vendor frames [22m
  19  artisan:37
      Illuminate\Foundation\Console\Kernel::handle(Object(Symfony\Component\Console\Input\ArgvInput), Object(Symfony\Component\Console\Output\ConsoleOutput))
2020-09-05

   Ripcord_TransportException 

  Could not access https://ozinc-production.odoo.com/xmlrpc/2/common

  at vendor/edujugon/laradoo/src/ripcord/ripcord_client.php:488
    484| 		$result  = @file_get_contents( $url, false, $context );
    485| 
    486| 		if ( !$result )
    487| 		{
  > 488| 			throw new Ripcord_TransportException( 'Could not access ' . $url, 
    489| 				ripcord::cannotAccessURL );
    490| 		}
    491| 
    492| 		$this->responseHeaders = $http_response_header;

      [2m+3 vendor frames [22m
  4   app/Console/Commands/getSalesLines.php:61
      Edujugon\Laradoo\Odoo::connect()

      [2m+14 vendor frames [22m
  19  artisan:37
      Illuminate\Foundation\Console\Kernel::handle(Object(Symfony\Component\Console\Input\ArgvInput), Object(Symfony\Component\Console\Output\ConsoleOutput))
2020-09-05

   Ripcord_TransportException 

  Could not access https://ozinc-production.odoo.com/xmlrpc/2/common

  at vendor/edujugon/laradoo/src/ripcord/ripcord_client.php:488
    484| 		$result  = @file_get_contents( $url, false, $context );
    485| 
    486| 		if ( !$result )
    487| 		{
  > 488| 			throw new Ripcord_TransportException( 'Could not access ' . $url, 
    489| 				ripcord::cannotAccessURL );
    490| 		}
    491| 
    492| 		$this->responseHeaders = $http_response_header;

      [2m+3 vendor frames [22m
  4   app/Console/Commands/getSalesLines.php:61
      Edujugon\Laradoo\Odoo::connect()

      [2m+14 vendor frames [22m
  19  artisan:37
      Illuminate\Foundation\Console\Kernel::handle(Object(Symfony\Component\Console\Input\ArgvInput), Object(Symfony\Component\Console\Output\ConsoleOutput))
2020-09-05
2020-09-05
1599285668 = 2020-09-05 06:01:08
2020-09-05

   Ripcord_TransportException 

  Could not access https://ozinc-production.odoo.com/xmlrpc/2/common

  at vendor/edujugon/laradoo/src/ripcord/ripcord_client.php:488
    484| 		$result  = @file_get_contents( $url, false, $context );
    485| 
    486| 		if ( !$result )
    487| 		{
  > 488| 			throw new Ripcord_TransportException( 'Could not access ' . $url, 
    489| 				ripcord::cannotAccessURL );
    490| 		}
    491| 
    492| 		$this->responseHeaders = $http_response_header;

      [2m+3 vendor frames [22m
  4   app/Console/Commands/getSalesLines.php:61
      Edujugon\Laradoo\Odoo::connect()

      [2m+14 vendor frames [22m
  19  artisan:37
      Illuminate\Foundation\Console\Kernel::handle(Object(Symfony\Component\Console\Input\ArgvInput), Object(Symfony\Component\Console\Output\ConsoleOutput))
2020-09-05

   Ripcord_TransportException 

  Could not access https://ozinc-production.odoo.com/xmlrpc/2/common

  at vendor/edujugon/laradoo/src/ripcord/ripcord_client.php:488
    484| 		$result  = @file_get_contents( $url, false, $context );
    485| 
    486| 		if ( !$result )
    487| 		{
  > 488| 			throw new Ripcord_TransportException( 'Could not access ' . $url, 
    489| 				ripcord::cannotAccessURL );
    490| 		}
    491| 
    492| 		$this->responseHeaders = $http_response_header;

      [2m+3 vendor frames [22m
  4   app/Console/Commands/getSalesLines.php:61
      Edujugon\Laradoo\Odoo::connect()

      [2m+14 vendor frames [22m
  19  artisan:37
      Illuminate\Foundation\Console\Kernel::handle(Object(Symfony\Component\Console\Input\ArgvInput), Object(Symfony\Component\Console\Output\ConsoleOutput))
2020-09-05

   Ripcord_TransportException 

  Could not access https://ozinc-production.odoo.com/xmlrpc/2/common

  at vendor/edujugon/laradoo/src/ripcord/ripcord_client.php:488
    484| 		$result  = @file_get_contents( $url, false, $context );
    485| 
    486| 		if ( !$result )
    487| 		{
  > 488| 			throw new Ripcord_TransportException( 'Could not access ' . $url, 
    489| 				ripcord::cannotAccessURL );
    490| 		}
    491| 
    492| 		$this->responseHeaders = $http_response_header;

      [2m+3 vendor frames [22m
  4   app/Console/Commands/getSalesLines.php:61
      Edujugon\Laradoo\Odoo::connect()

      [2m+14 vendor frames [22m
  19  artisan:37
      Illuminate\Foundation\Console\Kernel::handle(Object(Symfony\Component\Console\Input\ArgvInput), Object(Symfony\Component\Console\Output\ConsoleOutput))
2020-09-05

   Ripcord_TransportException 

  Could not access https://ozinc-production.odoo.com/xmlrpc/2/common

  at vendor/edujugon/laradoo/src/ripcord/ripcord_client.php:488
    484| 		$result  = @file_get_contents( $url, false, $context );
    485| 
    486| 		if ( !$result )
    487| 		{
  > 488| 			throw new Ripcord_TransportException( 'Could not access ' . $url, 
    489| 				ripcord::cannotAccessURL );
    490| 		}
    491| 
    492| 		$this->responseHeaders = $http_response_header;

      [2m+3 vendor frames [22m
  4   app/Console/Commands/getSalesLines.php:61
      Edujugon\Laradoo\Odoo::connect()

      [2m+14 vendor frames [22m
  19  artisan:37
      Illuminate\Foundation\Console\Kernel::handle(Object(Symfony\Component\Console\Input\ArgvInput), Object(Symfony\Component\Console\Output\ConsoleOutput))
2020-09-05
2020-09-05
1599303663 = 2020-09-05 11:01:03
2020-09-05
2020-09-05
1599307262 = 2020-09-05 12:01:02
2020-09-05
2020-09-05
1599310867 = 2020-09-05 13:01:07
2020-09-05
2020-09-05
1599314461 = 2020-09-05 14:01:01
2020-09-05
2020-09-05
1599318063 = 2020-09-05 15:01:03
2020-09-05
2020-09-05
1599321665 = 2020-09-05 16:01:05
2020-09-05
2020-09-05
1599325268 = 2020-09-05 17:01:08
2020-09-05
2020-09-05
1599328862 = 2020-09-05 18:01:02
2020-09-05

   Ripcord_TransportException 

  Could not access https://ozinc-production.odoo.com/xmlrpc/2/common

  at vendor/edujugon/laradoo/src/ripcord/ripcord_client.php:488
    484| 		$result  = @file_get_contents( $url, false, $context );
    485| 
    486| 		if ( !$result )
    487| 		{
  > 488| 			throw new Ripcord_TransportException( 'Could not access ' . $url, 
    489| 				ripcord::cannotAccessURL );
    490| 		}
    491| 
    492| 		$this->responseHeaders = $http_response_header;

      [2m+3 vendor frames [22m
  4   app/Console/Commands/getSalesLines.php:61
      Edujugon\Laradoo\Odoo::connect()

      [2m+14 vendor frames [22m
  19  artisan:37
      Illuminate\Foundation\Console\Kernel::handle(Object(Symfony\Component\Console\Input\ArgvInput), Object(Symfony\Component\Console\Output\ConsoleOutput))
2020-09-05
2020-09-05
1599336069 = 2020-09-05 20:01:09
2020-09-05
2020-09-05
1599339665 = 2020-09-05 21:01:05
2020-09-05
2020-09-05
1599343262 = 2020-09-05 22:01:02
2020-09-05
2020-09-05
1599346863 = 2020-09-05 23:01:03
2020-09-06

   Ripcord_TransportException 

  Could not access https://ozinc-production.odoo.com/xmlrpc/2/common

  at vendor/edujugon/laradoo/src/ripcord/ripcord_client.php:488
    484| 		$result  = @file_get_contents( $url, false, $context );
    485| 
    486| 		if ( !$result )
    487| 		{
  > 488| 			throw new Ripcord_TransportException( 'Could not access ' . $url, 
    489| 				ripcord::cannotAccessURL );
    490| 		}
    491| 
    492| 		$this->responseHeaders = $http_response_header;

      [2m+3 vendor frames [22m
  4   app/Console/Commands/getSalesLines.php:61
      Edujugon\Laradoo\Odoo::connect()

      [2m+14 vendor frames [22m
  19  artisan:37
      Illuminate\Foundation\Console\Kernel::handle(Object(Symfony\Component\Console\Input\ArgvInput), Object(Symfony\Component\Console\Output\ConsoleOutput))
2020-09-06

   Ripcord_TransportException 

  Could not access https://ozinc-production.odoo.com/xmlrpc/2/common

  at vendor/edujugon/laradoo/src/ripcord/ripcord_client.php:488
    484| 		$result  = @file_get_contents( $url, false, $context );
    485| 
    486| 		if ( !$result )
    487| 		{
  > 488| 			throw new Ripcord_TransportException( 'Could not access ' . $url, 
    489| 				ripcord::cannotAccessURL );
    490| 		}
    491| 
    492| 		$this->responseHeaders = $http_response_header;

      [2m+3 vendor frames [22m
  4   app/Console/Commands/getSalesLines.php:61
      Edujugon\Laradoo\Odoo::connect()

      [2m+14 vendor frames [22m
  19  artisan:37
      Illuminate\Foundation\Console\Kernel::handle(Object(Symfony\Component\Console\Input\ArgvInput), Object(Symfony\Component\Console\Output\ConsoleOutput))
2020-09-06
2020-09-06
1599357668 = 2020-09-06 02:01:08
2020-09-06
2020-09-06
1599361261 = 2020-09-06 03:01:01
2020-09-06
2020-09-06
1599364863 = 2020-09-06 04:01:03
2020-09-06
2020-09-06
1599368468 = 2020-09-06 05:01:08
2020-09-06
2020-09-06
1599372065 = 2020-09-06 06:01:05
2020-09-06

   Ripcord_TransportException 

  Could not access https://ozinc-production.odoo.com/xmlrpc/2/common

  at vendor/edujugon/laradoo/src/ripcord/ripcord_client.php:488
    484| 		$result  = @file_get_contents( $url, false, $context );
    485| 
    486| 		if ( !$result )
    487| 		{
  > 488| 			throw new Ripcord_TransportException( 'Could not access ' . $url, 
    489| 				ripcord::cannotAccessURL );
    490| 		}
    491| 
    492| 		$this->responseHeaders = $http_response_header;

      [2m+3 vendor frames [22m
  4   app/Console/Commands/getSalesLines.php:61
      Edujugon\Laradoo\Odoo::connect()

      [2m+14 vendor frames [22m
  19  artisan:37
      Illuminate\Foundation\Console\Kernel::handle(Object(Symfony\Component\Console\Input\ArgvInput), Object(Symfony\Component\Console\Output\ConsoleOutput))
2020-09-06

   Ripcord_TransportException 

  Could not access https://ozinc-production.odoo.com/xmlrpc/2/common

  at vendor/edujugon/laradoo/src/ripcord/ripcord_client.php:488
    484| 		$result  = @file_get_contents( $url, false, $context );
    485| 
    486| 		if ( !$result )
    487| 		{
  > 488| 			throw new Ripcord_TransportException( 'Could not access ' . $url, 
    489| 				ripcord::cannotAccessURL );
    490| 		}
    491| 
    492| 		$this->responseHeaders = $http_response_header;

      [2m+3 vendor frames [22m
  4   app/Console/Commands/getSalesLines.php:61
      Edujugon\Laradoo\Odoo::connect()

      [2m+14 vendor frames [22m
  19  artisan:37
      Illuminate\Foundation\Console\Kernel::handle(Object(Symfony\Component\Console\Input\ArgvInput), Object(Symfony\Component\Console\Output\ConsoleOutput))
2020-09-06

   Ripcord_TransportException 

  Could not access https://ozinc-production.odoo.com/xmlrpc/2/common

  at vendor/edujugon/laradoo/src/ripcord/ripcord_client.php:488
    484| 		$result  = @file_get_contents( $url, false, $context );
    485| 
    486| 		if ( !$result )
    487| 		{
  > 488| 			throw new Ripcord_TransportException( 'Could not access ' . $url, 
    489| 				ripcord::cannotAccessURL );
    490| 		}
    491| 
    492| 		$this->responseHeaders = $http_response_header;

      [2m+3 vendor frames [22m
  4   app/Console/Commands/getSalesLines.php:61
      Edujugon\Laradoo\Odoo::connect()

      [2m+14 vendor frames [22m
  19  artisan:37
      Illuminate\Foundation\Console\Kernel::handle(Object(Symfony\Component\Console\Input\ArgvInput), Object(Symfony\Component\Console\Output\ConsoleOutput))
2020-09-06
2020-09-06
1599386465 = 2020-09-06 10:01:05
2020-09-06
2020-09-06
1599390066 = 2020-09-06 11:01:06
2020-09-06
2020-09-06
1599393659 = 2020-09-06 12:00:59
2020-09-06
2020-09-06
1599397268 = 2020-09-06 13:01:08
2020-09-06
2020-09-06
1599400865 = 2020-09-06 14:01:05
2020-09-06
2020-09-06
1599404465 = 2020-09-06 15:01:05
2020-09-06
2020-09-06
1599408070 = 2020-09-06 16:01:10
2020-09-06
2020-09-06
1599411666 = 2020-09-06 17:01:06
2020-09-06

   Ripcord_TransportException 

  Could not access https://ozinc-production.odoo.com/xmlrpc/2/common

  at vendor/edujugon/laradoo/src/ripcord/ripcord_client.php:488
    484| 		$result  = @file_get_contents( $url, false, $context );
    485| 
    486| 		if ( !$result )
    487| 		{
  > 488| 			throw new Ripcord_TransportException( 'Could not access ' . $url, 
    489| 				ripcord::cannotAccessURL );
    490| 		}
    491| 
    492| 		$this->responseHeaders = $http_response_header;

      [2m+3 vendor frames [22m
  4   app/Console/Commands/getSalesLines.php:61
      Edujugon\Laradoo\Odoo::connect()

      [2m+14 vendor frames [22m
  19  artisan:37
      Illuminate\Foundation\Console\Kernel::handle(Object(Symfony\Component\Console\Input\ArgvInput), Object(Symfony\Component\Console\Output\ConsoleOutput))
2020-09-06
2020-09-06
1599418861 = 2020-09-06 19:01:01
2020-09-06
2020-09-06
1599422460 = 2020-09-06 20:01:00
2020-09-06
2020-09-06
1599426063 = 2020-09-06 21:01:03
2020-09-06
2020-09-06
1599429665 = 2020-09-06 22:01:05
2020-09-06

   Ripcord_TransportException 

  Could not access https://ozinc-production.odoo.com/xmlrpc/2/common

  at vendor/edujugon/laradoo/src/ripcord/ripcord_client.php:488
    484| 		$result  = @file_get_contents( $url, false, $context );
    485| 
    486| 		if ( !$result )
    487| 		{
  > 488| 			throw new Ripcord_TransportException( 'Could not access ' . $url, 
    489| 				ripcord::cannotAccessURL );
    490| 		}
    491| 
    492| 		$this->responseHeaders = $http_response_header;

      [2m+3 vendor frames [22m
  4   app/Console/Commands/getSalesLines.php:61
      Edujugon\Laradoo\Odoo::connect()

      [2m+14 vendor frames [22m
  19  artisan:37
      Illuminate\Foundation\Console\Kernel::handle(Object(Symfony\Component\Console\Input\ArgvInput), Object(Symfony\Component\Console\Output\ConsoleOutput))
2020-09-07
2020-09-07
1599436874 = 2020-09-07 00:01:14
2020-09-07
2020-09-07
1599440471 = 2020-09-07 01:01:11
2020-09-07

   Ripcord_TransportException 

  Could not access https://ozinc-production.odoo.com/xmlrpc/2/common

  at vendor/edujugon/laradoo/src/ripcord/ripcord_client.php:488
    484| 		$result  = @file_get_contents( $url, false, $context );
    485| 
    486| 		if ( !$result )
    487| 		{
  > 488| 			throw new Ripcord_TransportException( 'Could not access ' . $url, 
    489| 				ripcord::cannotAccessURL );
    490| 		}
    491| 
    492| 		$this->responseHeaders = $http_response_header;

      [2m+3 vendor frames [22m
  4   app/Console/Commands/getSalesLines.php:61
      Edujugon\Laradoo\Odoo::connect()

      [2m+14 vendor frames [22m
  19  artisan:37
      Illuminate\Foundation\Console\Kernel::handle(Object(Symfony\Component\Console\Input\ArgvInput), Object(Symfony\Component\Console\Output\ConsoleOutput))
2020-09-07

   Ripcord_TransportException 

  Could not access https://ozinc-production.odoo.com/xmlrpc/2/common

  at vendor/edujugon/laradoo/src/ripcord/ripcord_client.php:488
    484| 		$result  = @file_get_contents( $url, false, $context );
    485| 
    486| 		if ( !$result )
    487| 		{
  > 488| 			throw new Ripcord_TransportException( 'Could not access ' . $url, 
    489| 				ripcord::cannotAccessURL );
    490| 		}
    491| 
    492| 		$this->responseHeaders = $http_response_header;

      [2m+3 vendor frames [22m
  4   app/Console/Commands/getSalesLines.php:61
      Edujugon\Laradoo\Odoo::connect()

      [2m+14 vendor frames [22m
  19  artisan:37
      Illuminate\Foundation\Console\Kernel::handle(Object(Symfony\Component\Console\Input\ArgvInput), Object(Symfony\Component\Console\Output\ConsoleOutput))
2020-09-07
2020-09-07
1599451267 = 2020-09-07 04:01:07
2020-09-07
2020-09-07
1599454860 = 2020-09-07 05:01:00
2020-09-07

   Ripcord_TransportException 

  Could not access https://ozinc-production.odoo.com/xmlrpc/2/common

  at vendor/edujugon/laradoo/src/ripcord/ripcord_client.php:488
    484| 		$result  = @file_get_contents( $url, false, $context );
    485| 
    486| 		if ( !$result )
    487| 		{
  > 488| 			throw new Ripcord_TransportException( 'Could not access ' . $url, 
    489| 				ripcord::cannotAccessURL );
    490| 		}
    491| 
    492| 		$this->responseHeaders = $http_response_header;

      [2m+3 vendor frames [22m
  4   app/Console/Commands/getSalesLines.php:61
      Edujugon\Laradoo\Odoo::connect()

      [2m+14 vendor frames [22m
  19  artisan:37
      Illuminate\Foundation\Console\Kernel::handle(Object(Symfony\Component\Console\Input\ArgvInput), Object(Symfony\Component\Console\Output\ConsoleOutput))
2020-09-07
2020-09-07
1599462068 = 2020-09-07 07:01:08
2020-09-07
2020-09-07
1599465667 = 2020-09-07 08:01:07
2020-09-07

   Ripcord_TransportException 

  Could not access https://ozinc-production.odoo.com/xmlrpc/2/common

  at vendor/edujugon/laradoo/src/ripcord/ripcord_client.php:488
    484| 		$result  = @file_get_contents( $url, false, $context );
    485| 
    486| 		if ( !$result )
    487| 		{
  > 488| 			throw new Ripcord_TransportException( 'Could not access ' . $url, 
    489| 				ripcord::cannotAccessURL );
    490| 		}
    491| 
    492| 		$this->responseHeaders = $http_response_header;

      [2m+3 vendor frames [22m
  4   app/Console/Commands/getSalesLines.php:61
      Edujugon\Laradoo\Odoo::connect()

      [2m+14 vendor frames [22m
  19  artisan:37
      Illuminate\Foundation\Console\Kernel::handle(Object(Symfony\Component\Console\Input\ArgvInput), Object(Symfony\Component\Console\Output\ConsoleOutput))
2020-09-07
2020-09-07
1599472825 = 2020-09-07 10:00:25
2020-09-07
2020-09-07
1599476467 = 2020-09-07 11:01:07
2020-09-07
2020-09-07
1599480064 = 2020-09-07 12:01:04
2020-09-07
2020-09-07
1599483661 = 2020-09-07 13:01:01
2020-09-07
2020-09-07
1599487265 = 2020-09-07 14:01:05
