Alfred
Bill
Bradley
Bryant Wesley
Cindy
Daniel
Erica
Ezra
Jack
Jacob
Jacob
Jakob
Jesse
Josh
Josh
Joss
Julie
Kamala
Kelli
Ken
Matt
Michael
Miguel
Rani
Rob
Rodel
Roman
Rosie
Rudy
Ryan
Se
Tyler
Bill
Bryant Wesley
Cindy
Erica
Jacob
Joss
Matt
Michael
Rani
Rosie
Rudy
Ryan
Se
2020-09-03 07:01:19
Alfred
Bill
Bradley
Bryant Wesley
Cindy
Daniel
Erica
Ezra
Jack
Jacob
Jacob
Jakob
Jesse
Josh
Josh
Joss
Julie
Kamala
Kelli
Ken
Matt
Michael
Miguel
Rani
Rob
Rodel
Roman
Rosie
Rudy
Ryan
Se
Tyler
Bill
Bryant Wesley
Cindy
Erica
Jacob
Joss
Matt
Michael
Rani
Rosie
Rudy
Ryan
Se
2020-09-04 07:01:26

   Ripcord_TransportException 

  Could not access https://ozinc-production.odoo.com/xmlrpc/2/common

  at vendor/edujugon/laradoo/src/ripcord/ripcord_client.php:488
    484| 		$result  = @file_get_contents( $url, false, $context );
    485| 
    486| 		if ( !$result )
    487| 		{
  > 488| 			throw new Ripcord_TransportException( 'Could not access ' . $url, 
    489| 				ripcord::cannotAccessURL );
    490| 		}
    491| 
    492| 		$this->responseHeaders = $http_response_header;

      [2m+3 vendor frames [22m
  4   app/Console/Commands/getSalesPersons.php:44
      Edujugon\Laradoo\Odoo::connect()

      [2m+14 vendor frames [22m
  19  artisan:37
      Illuminate\Foundation\Console\Kernel::handle(Object(Symfony\Component\Console\Input\ArgvInput), Object(Symfony\Component\Console\Output\ConsoleOutput))
Alfred
Bill
Bradley
Bryant Wesley
Cindy
Daniel
Erica
Ezra
Jack
Jacob
Jacob
Jakob
Jesse
Josh
Josh
Joss
Julie
Kamala
Kelli
Ken
Matt
Michael
Miguel
Rani
Rob
Rodel
Roman
Rosie
Rudy
Ryan
Se
Tyler
Bill
Bryant Wesley
Cindy
Erica
Jacob
Joss
Matt
Michael
Rani
Rosie
Rudy
Ryan
Se
2020-09-06 07:00:19
Alfred
Bill
Bradley
Bryant Wesley
Cindy
Daniel
Erica
Ezra
Jack
Jacob
Jacob
Jakob
Jesse
Josh
Josh
Joss
Julie
Kamala
Kelli
Ken
Matt
Michael
Miguel
Rani
Rob
Rodel
Roman
Rosie
Rudy
Ryan
Se
Tyler
Bill
Bryant Wesley
Cindy
Erica
Jacob
Joss
Matt
Michael
Rani
Rosie
Rudy
Ryan
Se
2020-09-07 07:01:11
