
                                                
  Command "calc:ten_ninety_bi" is not defined.  
                                                
  Did you mean one of these?                    
      calc:1099                                 
      calc:ar                                   
      calc:ar_to_collect                        
      calc:bonus                                
      calc:extra_commission                     
      calc:lastbarcode                          
      calc:lastsku                              
      calc:makesku                              
      calc:paid_commissions                     
      calc:quant                                
      calc:salescount                           
      calc:ten_ninety                           
      calc:xten_ninety_bi                       
                                                


                                                
  Command "calc:ten_ninety_bi" is not defined.  
                                                
  Did you mean one of these?                    
      calc:1099                                 
      calc:ar                                   
      calc:ar_to_collect                        
      calc:bonus                                
      calc:extra_commission                     
      calc:lastbarcode                          
      calc:lastsku                              
      calc:makesku                              
      calc:paid_commissions                     
      calc:quant                                
      calc:salescount                           
      calc:ten_ninety                           
      calc:xten_ninety_bi                       
                                                


                                                
  Command "calc:ten_ninety_bi" is not defined.  
                                                
  Did you mean one of these?                    
      calc:1099                                 
      calc:ar                                   
      calc:ar_to_collect                        
      calc:bonus                                
      calc:extra_commission                     
      calc:lastbarcode                          
      calc:lastsku                              
      calc:makesku                              
      calc:paid_commissions                     
      calc:quant                                
      calc:salescount                           
      calc:ten_ninety                           
      calc:xten_ninety_bi                       
                                                


                                                
  Command "calc:ten_ninety_bi" is not defined.  
                                                
  Did you mean one of these?                    
      calc:1099                                 
      calc:ar                                   
      calc:ar_to_collect                        
      calc:bonus                                
      calc:extra_commission                     
      calc:lastbarcode                          
      calc:lastsku                              
      calc:makesku                              
      calc:paid_commissions                     
      calc:quant                                
      calc:salescount                           
      calc:ten_ninety                           
      calc:xten_ninety_bi                       
                                                


                                                
  Command "calc:ten_ninety_bi" is not defined.  
                                                
  Did you mean one of these?                    
      calc:1099                                 
      calc:ar                                   
      calc:ar_to_collect                        
      calc:bonus                                
      calc:extra_commission                     
      calc:lastbarcode                          
      calc:lastsku                              
      calc:makesku                              
      calc:paid_commissions                     
      calc:quant                                
      calc:salescount                           
      calc:ten_ninety                           
      calc:xten_ninety_bi                       
                                                

